<?xml version="1.0" encoding="UTF-8"?>
<coverage generated="1730225895297" clover="3.2.0">
  <project timestamp="1730225895298" name="All files">
    <metrics statements="7" coveredstatements="7" conditionals="4" coveredconditionals="3" methods="1" coveredmethods="1" elements="12" coveredelements="11" complexity="0" loc="7" ncloc="7" packages="1" files="1" classes="1"/>
    <file name="apq-resources.js" path="D:\projects\CloudAppi\apquality-spectral\functions\apq-resources.js">
      <metrics statements="7" coveredstatements="7" conditionals="4" coveredconditionals="3" methods="1" coveredmethods="1"/>
      <line num="2" count="1" type="stmt"/>
      <line num="3" count="13" type="stmt"/>
      <line num="4" count="13" type="cond" truecount="1" falsecount="1"/>
      <line num="6" count="13" type="stmt"/>
      <line num="7" count="13" type="cond" truecount="2" falsecount="0"/>
      <line num="8" count="1" type="stmt"/>
      <line num="13" count="13" type="stmt"/>
    </file>
  </project>
</coverage>
