{"total": {"lines":{"total":72,"covered":68,"skipped":0,"pct":94.44},"statements":{"total":79,"covered":71,"skipped":0,"pct":89.87},"functions":{"total":8,"covered":8,"skipped":0,"pct":100},"branches":{"total":58,"covered":46,"skipped":0,"pct":79.31},"branchesTrue":{"total":0,"covered":0,"skipped":0,"pct":"Unknown"}}
,"D:\\projects\\CloudAppi\\ApiQuality\\apquality-spectral\\functions\\apq-alternate-paths.js": {"lines":{"total":19,"covered":19,"skipped":0,"pct":100},"functions":{"total":2,"covered":2,"skipped":0,"pct":100},"statements":{"total":20,"covered":19,"skipped":0,"pct":95},"branches":{"total":14,"covered":12,"skipped":0,"pct":85.71}}
,"D:\\projects\\CloudAppi\\ApiQuality\\apquality-spectral\\functions\\apq-custom-schema.js": {"lines":{"total":38,"covered":34,"skipped":0,"pct":89.47},"functions":{"total":3,"covered":3,"skipped":0,"pct":100},"statements":{"total":41,"covered":35,"skipped":0,"pct":85.36},"branches":{"total":34,"covered":25,"skipped":0,"pct":73.52}}
,"D:\\projects\\CloudAppi\\ApiQuality\\apquality-spectral\\functions\\apq-resources.js": {"lines":{"total":7,"covered":7,"skipped":0,"pct":100},"functions":{"total":1,"covered":1,"skipped":0,"pct":100},"statements":{"total":8,"covered":7,"skipped":0,"pct":87.5},"branches":{"total":4,"covered":3,"skipped":0,"pct":75}}
,"D:\\projects\\CloudAppi\\ApiQuality\\apquality-spectral\\functions\\apq-tags.js": {"lines":{"total":8,"covered":8,"skipped":0,"pct":100},"functions":{"total":2,"covered":2,"skipped":0,"pct":100},"statements":{"total":10,"covered":10,"skipped":0,"pct":100},"branches":{"total":6,"covered":6,"skipped":0,"pct":100}}
}
