{"total": {"lines":{"total":672,"covered":0,"skipped":0,"pct":0},"statements":{"total":741,"covered":0,"skipped":0,"pct":0},"functions":{"total":109,"covered":0,"skipped":0,"pct":0},"branches":{"total":677,"covered":0,"skipped":0,"pct":0},"branchesTrue":{"total":0,"covered":0,"skipped":0,"pct":"Unknown"}}
,"C:\\Users\\MelsyHuamani\\Documents\\Projects\\PR-APT\\apiaddicts-style-guide-openapi\\functions\\apq-alternate-paths.js": {"lines":{"total":23,"covered":0,"skipped":0,"pct":0},"functions":{"total":3,"covered":0,"skipped":0,"pct":0},"statements":{"total":26,"covered":0,"skipped":0,"pct":0},"branches":{"total":20,"covered":0,"skipped":0,"pct":0}}
,"C:\\Users\\MelsyHuamani\\Documents\\Projects\\PR-APT\\apiaddicts-style-guide-openapi\\functions\\apq-at-most-one-body-parameter.js": {"lines":{"total":8,"covered":0,"skipped":0,"pct":0},"functions":{"total":2,"covered":0,"skipped":0,"pct":0},"statements":{"total":8,"covered":0,"skipped":0,"pct":0},"branches":{"total":10,"covered":0,"skipped":0,"pct":0}}
,"C:\\Users\\MelsyHuamani\\Documents\\Projects\\PR-APT\\apiaddicts-style-guide-openapi\\functions\\apq-binary-format-check.js": {"lines":{"total":16,"covered":0,"skipped":0,"pct":0},"functions":{"total":3,"covered":0,"skipped":0,"pct":0},"statements":{"total":16,"covered":0,"skipped":0,"pct":0},"branches":{"total":22,"covered":0,"skipped":0,"pct":0}}
,"C:\\Users\\MelsyHuamani\\Documents\\Projects\\PR-APT\\apiaddicts-style-guide-openapi\\functions\\apq-check-ambiguous-path.js": {"lines":{"total":18,"covered":0,"skipped":0,"pct":0},"functions":{"total":3,"covered":0,"skipped":0,"pct":0},"statements":{"total":18,"covered":0,"skipped":0,"pct":0},"branches":{"total":12,"covered":0,"skipped":0,"pct":0}}
,"C:\\Users\\MelsyHuamani\\Documents\\Projects\\PR-APT\\apiaddicts-style-guide-openapi\\functions\\apq-check-examples-coverage.js": {"lines":{"total":67,"covered":0,"skipped":0,"pct":0},"functions":{"total":12,"covered":0,"skipped":0,"pct":0},"statements":{"total":80,"covered":0,"skipped":0,"pct":0},"branches":{"total":110,"covered":0,"skipped":0,"pct":0}}
,"C:\\Users\\MelsyHuamani\\Documents\\Projects\\PR-APT\\apiaddicts-style-guide-openapi\\functions\\apq-compare-insensitive.js": {"lines":{"total":45,"covered":0,"skipped":0,"pct":0},"functions":{"total":9,"covered":0,"skipped":0,"pct":0},"statements":{"total":53,"covered":0,"skipped":0,"pct":0},"branches":{"total":22,"covered":0,"skipped":0,"pct":0}}
,"C:\\Users\\MelsyHuamani\\Documents\\Projects\\PR-APT\\apiaddicts-style-guide-openapi\\functions\\apq-custom-field.js": {"lines":{"total":31,"covered":0,"skipped":0,"pct":0},"functions":{"total":8,"covered":0,"skipped":0,"pct":0},"statements":{"total":39,"covered":0,"skipped":0,"pct":0},"branches":{"total":34,"covered":0,"skipped":0,"pct":0}}
,"C:\\Users\\MelsyHuamani\\Documents\\Projects\\PR-APT\\apiaddicts-style-guide-openapi\\functions\\apq-custom-schema.js": {"lines":{"total":38,"covered":0,"skipped":0,"pct":0},"functions":{"total":3,"covered":0,"skipped":0,"pct":0},"statements":{"total":41,"covered":0,"skipped":0,"pct":0},"branches":{"total":34,"covered":0,"skipped":0,"pct":0}}
,"C:\\Users\\MelsyHuamani\\Documents\\Projects\\PR-APT\\apiaddicts-style-guide-openapi\\functions\\apq-forbidden-characters.js": {"lines":{"total":12,"covered":0,"skipped":0,"pct":0},"functions":{"total":2,"covered":0,"skipped":0,"pct":0},"statements":{"total":12,"covered":0,"skipped":0,"pct":0},"branches":{"total":12,"covered":0,"skipped":0,"pct":0}}
,"C:\\Users\\MelsyHuamani\\Documents\\Projects\\PR-APT\\apiaddicts-style-guide-openapi\\functions\\apq-has-filter-query-param.js": {"lines":{"total":11,"covered":0,"skipped":0,"pct":0},"functions":{"total":2,"covered":0,"skipped":0,"pct":0},"statements":{"total":11,"covered":0,"skipped":0,"pct":0},"branches":{"total":14,"covered":0,"skipped":0,"pct":0}}
,"C:\\Users\\MelsyHuamani\\Documents\\Projects\\PR-APT\\apiaddicts-style-guide-openapi\\functions\\apq-paged-response-check.js": {"lines":{"total":42,"covered":0,"skipped":0,"pct":0},"functions":{"total":2,"covered":0,"skipped":0,"pct":0},"statements":{"total":42,"covered":0,"skipped":0,"pct":0},"branches":{"total":46,"covered":0,"skipped":0,"pct":0}}
,"C:\\Users\\MelsyHuamani\\Documents\\Projects\\PR-APT\\apiaddicts-style-guide-openapi\\functions\\apq-parameter-naming-convention.js": {"lines":{"total":25,"covered":0,"skipped":0,"pct":0},"functions":{"total":2,"covered":0,"skipped":0,"pct":0},"statements":{"total":27,"covered":0,"skipped":0,"pct":0},"branches":{"total":19,"covered":0,"skipped":0,"pct":0}}
,"C:\\Users\\MelsyHuamani\\Documents\\Projects\\PR-APT\\apiaddicts-style-guide-openapi\\functions\\apq-password-format.js": {"lines":{"total":12,"covered":0,"skipped":0,"pct":0},"functions":{"total":2,"covered":0,"skipped":0,"pct":0},"statements":{"total":12,"covered":0,"skipped":0,"pct":0},"branches":{"total":16,"covered":0,"skipped":0,"pct":0}}
,"C:\\Users\\MelsyHuamani\\Documents\\Projects\\PR-APT\\apiaddicts-style-guide-openapi\\functions\\apq-path-depth.js": {"lines":{"total":9,"covered":0,"skipped":0,"pct":0},"functions":{"total":3,"covered":0,"skipped":0,"pct":0},"statements":{"total":9,"covered":0,"skipped":0,"pct":0},"branches":{"total":8,"covered":0,"skipped":0,"pct":0}}
,"C:\\Users\\MelsyHuamani\\Documents\\Projects\\PR-APT\\apiaddicts-style-guide-openapi\\functions\\apq-path-param-query-conflict.js": {"lines":{"total":22,"covered":0,"skipped":0,"pct":0},"functions":{"total":2,"covered":0,"skipped":0,"pct":0},"statements":{"total":22,"covered":0,"skipped":0,"pct":0},"branches":{"total":26,"covered":0,"skipped":0,"pct":0}}
,"C:\\Users\\MelsyHuamani\\Documents\\Projects\\PR-APT\\apiaddicts-style-guide-openapi\\functions\\apq-require-response-on-path-params.js": {"lines":{"total":26,"covered":0,"skipped":0,"pct":0},"functions":{"total":6,"covered":0,"skipped":0,"pct":0},"statements":{"total":26,"covered":0,"skipped":0,"pct":0},"branches":{"total":22,"covered":0,"skipped":0,"pct":0}}
,"C:\\Users\\MelsyHuamani\\Documents\\Projects\\PR-APT\\apiaddicts-style-guide-openapi\\functions\\apq-required-fields-exist.js": {"lines":{"total":11,"covered":0,"skipped":0,"pct":0},"functions":{"total":2,"covered":0,"skipped":0,"pct":0},"statements":{"total":13,"covered":0,"skipped":0,"pct":0},"branches":{"total":10,"covered":0,"skipped":0,"pct":0}}
,"C:\\Users\\MelsyHuamani\\Documents\\Projects\\PR-APT\\apiaddicts-style-guide-openapi\\functions\\apq-resources-by-verb.js": {"lines":{"total":34,"covered":0,"skipped":0,"pct":0},"functions":{"total":7,"covered":0,"skipped":0,"pct":0},"statements":{"total":36,"covered":0,"skipped":0,"pct":0},"branches":{"total":21,"covered":0,"skipped":0,"pct":0}}
,"C:\\Users\\MelsyHuamani\\Documents\\Projects\\PR-APT\\apiaddicts-style-guide-openapi\\functions\\apq-response-headers.js": {"lines":{"total":43,"covered":0,"skipped":0,"pct":0},"functions":{"total":11,"covered":0,"skipped":0,"pct":0},"statements":{"total":47,"covered":0,"skipped":0,"pct":0},"branches":{"total":43,"covered":0,"skipped":0,"pct":0}}
,"C:\\Users\\MelsyHuamani\\Documents\\Projects\\PR-APT\\apiaddicts-style-guide-openapi\\functions\\apq-response-media-type.js": {"lines":{"total":17,"covered":0,"skipped":0,"pct":0},"functions":{"total":1,"covered":0,"skipped":0,"pct":0},"statements":{"total":20,"covered":0,"skipped":0,"pct":0},"branches":{"total":17,"covered":0,"skipped":0,"pct":0}}
,"C:\\Users\\MelsyHuamani\\Documents\\Projects\\PR-APT\\apiaddicts-style-guide-openapi\\functions\\apq-responses.js": {"lines":{"total":14,"covered":0,"skipped":0,"pct":0},"functions":{"total":5,"covered":0,"skipped":0,"pct":0},"statements":{"total":22,"covered":0,"skipped":0,"pct":0},"branches":{"total":20,"covered":0,"skipped":0,"pct":0}}
,"C:\\Users\\MelsyHuamani\\Documents\\Projects\\PR-APT\\apiaddicts-style-guide-openapi\\functions\\apq-schema-format.js": {"lines":{"total":15,"covered":0,"skipped":0,"pct":0},"functions":{"total":2,"covered":0,"skipped":0,"pct":0},"statements":{"total":15,"covered":0,"skipped":0,"pct":0},"branches":{"total":12,"covered":0,"skipped":0,"pct":0}}
,"C:\\Users\\MelsyHuamani\\Documents\\Projects\\PR-APT\\apiaddicts-style-guide-openapi\\functions\\apq-security-check.js": {"lines":{"total":16,"covered":0,"skipped":0,"pct":0},"functions":{"total":1,"covered":0,"skipped":0,"pct":0},"statements":{"total":18,"covered":0,"skipped":0,"pct":0},"branches":{"total":14,"covered":0,"skipped":0,"pct":0}}
,"C:\\Users\\MelsyHuamani\\Documents\\Projects\\PR-APT\\apiaddicts-style-guide-openapi\\functions\\apq-security-required-response.js": {"lines":{"total":16,"covered":0,"skipped":0,"pct":0},"functions":{"total":1,"covered":0,"skipped":0,"pct":0},"statements":{"total":16,"covered":0,"skipped":0,"pct":0},"branches":{"total":22,"covered":0,"skipped":0,"pct":0}}
,"C:\\Users\\MelsyHuamani\\Documents\\Projects\\PR-APT\\apiaddicts-style-guide-openapi\\functions\\apq-standard-response-codes.js": {"lines":{"total":47,"covered":0,"skipped":0,"pct":0},"functions":{"total":8,"covered":0,"skipped":0,"pct":0},"statements":{"total":56,"covered":0,"skipped":0,"pct":0},"branches":{"total":38,"covered":0,"skipped":0,"pct":0}}
,"C:\\Users\\MelsyHuamani\\Documents\\Projects\\PR-APT\\apiaddicts-style-guide-openapi\\functions\\apq-status-endpoint-check.js": {"lines":{"total":13,"covered":0,"skipped":0,"pct":0},"functions":{"total":1,"covered":0,"skipped":0,"pct":0},"statements":{"total":13,"covered":0,"skipped":0,"pct":0},"branches":{"total":13,"covered":0,"skipped":0,"pct":0}}
,"C:\\Users\\MelsyHuamani\\Documents\\Projects\\PR-APT\\apiaddicts-style-guide-openapi\\functions\\apq-truthy-insensitive.js": {"lines":{"total":5,"covered":0,"skipped":0,"pct":0},"functions":{"total":2,"covered":0,"skipped":0,"pct":0},"statements":{"total":6,"covered":0,"skipped":0,"pct":0},"branches":{"total":4,"covered":0,"skipped":0,"pct":0}}
,"C:\\Users\\MelsyHuamani\\Documents\\Projects\\PR-APT\\apiaddicts-style-guide-openapi\\functions\\apq-valid-response-schema.js": {"lines":{"total":17,"covered":0,"skipped":0,"pct":0},"functions":{"total":1,"covered":0,"skipped":0,"pct":0},"statements":{"total":17,"covered":0,"skipped":0,"pct":0},"branches":{"total":18,"covered":0,"skipped":0,"pct":0}}
,"C:\\Users\\MelsyHuamani\\Documents\\Projects\\PR-APT\\apiaddicts-style-guide-openapi\\functions\\apq-validate-structure.js": {"lines":{"total":19,"covered":0,"skipped":0,"pct":0},"functions":{"total":3,"covered":0,"skipped":0,"pct":0},"statements":{"total":20,"covered":0,"skipped":0,"pct":0},"branches":{"total":18,"covered":0,"skipped":0,"pct":0}}
}
