TN:
SF:functions\apq-allowed-http-verbs.js
FN:8,(anonymous_0)
FN:15,(anonymous_1)
FN:21,(anonymous_2)
FNF:3
FNH:3
FNDA:11,(anonymous_0)
FNDA:59,(anonymous_1)
FNDA:88,(anonymous_2)
DA:1,171
DA:8,171
DA:9,11
DA:10,0
DA:13,11
DA:15,59
DA:18,11
DA:19,11
DA:21,11
DA:22,88
DA:23,4
DA:30,11
LF:12
LH:11
BRDA:9,0,0,0
BRDA:9,0,1,11
BRDA:9,1,0,11
BRDA:9,1,1,11
BRDA:13,2,0,11
BRDA:13,2,1,11
BRDA:13,2,2,0
BRDA:18,3,0,11
BRDA:18,3,1,0
BRDA:22,4,0,4
BRDA:22,4,1,84
BRDA:22,5,0,88
BRDA:22,5,1,31
BRF:13
BRH:10
end_of_record
TN:
SF:functions\apq-alternate-paths.js
FN:1,(anonymous_0)
FN:5,(anonymous_1)
FN:12,(anonymous_2)
FN:15,(anonymous_3)
FNF:4
FNH:4
FNDA:37,(anonymous_0)
FNDA:17,(anonymous_1)
FNDA:62,(anonymous_2)
FNDA:42,(anonymous_3)
DA:1,171
DA:2,37
DA:5,171
DA:6,17
DA:7,17
DA:8,17
DA:10,17
DA:12,62
DA:15,42
DA:16,17
DA:17,17
DA:19,17
DA:20,2
DA:21,15
DA:22,1
DA:24,14
DA:27,16
DA:28,25
DA:29,3
DA:30,3
DA:33,22
DA:34,22
DA:35,4
DA:39,18
DA:42,12
LF:25
LH:25
BRDA:2,0,0,37
BRDA:2,0,1,13
BRDA:7,1,0,17
BRDA:7,1,1,0
BRDA:8,2,0,0
BRDA:8,2,1,17
BRDA:10,3,0,17
BRDA:10,3,1,17
BRDA:10,3,2,0
BRDA:16,4,0,0
BRDA:16,4,1,17
BRDA:19,5,0,2
BRDA:19,5,1,15
BRDA:21,6,0,1
BRDA:21,6,1,14
BRDA:28,7,0,3
BRDA:28,7,1,22
BRDA:34,8,0,4
BRDA:34,8,1,18
BRF:19
BRH:15
end_of_record
TN:
SF:functions\apq-at-most-one-body-parameter.js
FN:6,(anonymous_0)
FN:11,(anonymous_1)
FNF:2
FNH:2
FNDA:5,(anonymous_0)
FNDA:12,(anonymous_1)
DA:6,171
DA:7,5
DA:8,0
DA:11,5
DA:12,12
DA:15,5
DA:16,2
DA:23,3
LF:8
LH:7
BRDA:7,0,0,0
BRDA:7,0,1,5
BRDA:7,1,0,5
BRDA:7,1,1,5
BRDA:7,1,2,5
BRDA:12,2,0,12
BRDA:12,2,1,12
BRDA:12,2,2,12
BRDA:15,3,0,2
BRDA:15,3,1,3
BRF:10
BRH:9
end_of_record
TN:
SF:functions\apq-binary-format-check.js
FN:1,(anonymous_0)
FN:10,(anonymous_1)
FN:14,(anonymous_2)
FNF:3
FNH:3
FNDA:9,(anonymous_0)
FNDA:26,(anonymous_1)
FNDA:39,(anonymous_2)
DA:1,171
DA:2,9
DA:4,9
DA:5,0
DA:8,9
DA:10,26
DA:12,9
DA:14,9
DA:15,39
DA:16,22
DA:19,17
DA:20,0
DA:23,17
DA:24,17
DA:25,17
DA:26,0
DA:29,17
DA:30,17
DA:31,17
DA:33,17
DA:34,10
DA:41,9
LF:22
LH:19
BRDA:1,0,0,0
BRDA:4,1,0,0
BRDA:4,1,1,9
BRDA:4,2,0,9
BRDA:4,2,1,9
BRDA:8,3,0,9
BRDA:8,3,1,0
BRDA:12,4,0,9
BRDA:12,4,1,0
BRDA:15,5,0,22
BRDA:15,5,1,17
BRDA:19,6,0,0
BRDA:19,6,1,17
BRDA:19,7,0,17
BRDA:19,7,1,17
BRDA:24,8,0,17
BRDA:24,8,1,5
BRDA:24,8,2,5
BRDA:25,9,0,0
BRDA:25,9,1,17
BRDA:29,10,0,17
BRDA:29,10,1,7
BRDA:30,11,0,17
BRDA:30,11,1,12
BRDA:31,12,0,17
BRDA:31,12,1,16
BRDA:33,13,0,10
BRDA:33,13,1,7
BRDA:33,14,0,17
BRDA:33,14,1,11
BRDA:35,15,0,10
BRDA:35,15,1,6
BRF:32
BRH:26
end_of_record
TN:
SF:functions\apq-check-ambiguous-path.js
FN:12,(anonymous_0)
FN:20,(anonymous_1)
FN:26,(anonymous_2)
FNF:3
FNH:3
FNDA:24,(anonymous_0)
FNDA:288,(anonymous_1)
FNDA:42,(anonymous_2)
DA:1,171
DA:4,171
DA:12,171
DA:13,24
DA:14,0
DA:17,24
DA:20,288
DA:24,24
DA:25,24
DA:26,42
DA:28,24
DA:29,15
DA:32,9
LF:13
LH:12
BRDA:13,0,0,0
BRDA:13,0,1,24
BRDA:18,1,0,24
BRDA:18,1,1,24
BRDA:18,1,2,0
BRDA:28,2,0,15
BRDA:28,2,1,9
BRF:7
BRH:5
end_of_record
TN:
SF:functions\apq-check-examples-coverage.js
FN:5,(anonymous_0)
FN:8,(anonymous_1)
FN:11,(anonymous_2)
FN:17,(anonymous_3)
FN:23,(anonymous_4)
FN:33,(anonymous_5)
FN:37,(anonymous_6)
FN:47,(anonymous_7)
FN:71,(anonymous_8)
FN:73,(anonymous_9)
FN:79,(anonymous_10)
FN:81,(anonymous_11)
FN:98,oar031ExamplesCoverage
FNF:13
FNH:12
FNDA:1464,(anonymous_0)
FNDA:1720,(anonymous_1)
FNDA:212,(anonymous_2)
FNDA:113,(anonymous_3)
FNDA:0,(anonymous_4)
FNDA:252,(anonymous_5)
FNDA:205,(anonymous_6)
FNDA:470,(anonymous_7)
FNDA:1146,(anonymous_8)
FNDA:41,(anonymous_9)
FNDA:252,(anonymous_10)
FNDA:205,(anonymous_11)
FNDA:430,oar031ExamplesCoverage
DA:1,171
DA:5,1464
DA:8,1720
DA:11,171
DA:12,212
DA:17,171
DA:18,113
DA:19,113
DA:20,112
DA:21,36
DA:22,0
DA:23,0
DA:27,36
DA:33,171
DA:34,252
DA:35,252
DA:36,205
DA:37,205
DA:41,47
DA:42,29
DA:43,21
DA:47,171
DA:48,470
DA:50,470
DA:51,88
DA:52,88
DA:55,382
DA:56,306
DA:57,529
DA:58,529
DA:59,529
DA:60,529
DA:61,85
DA:62,444
DA:63,77
DA:71,382
DA:72,1146
DA:73,41
DA:79,171
DA:80,252
DA:81,205
DA:82,205
DA:84,47
DA:85,39
DA:98,171
DA:99,430
DA:101,430
DA:102,430
DA:103,430
DA:104,430
DA:105,430
DA:107,430
DA:108,430
DA:109,430
DA:110,430
DA:112,430
DA:113,140
DA:114,140
DA:118,140
DA:119,7
DA:121,133
DA:122,36
DA:128,133
DA:129,15
DA:131,133
DA:134,290
DA:135,290
DA:139,290
DA:140,90
DA:143,290
DA:144,252
DA:147,290
LF:72
LH:70
BRDA:5,0,0,27
BRDA:5,0,1,1437
BRDA:12,1,0,212
BRDA:12,1,1,204
BRDA:12,1,2,204
BRDA:12,1,3,118
BRDA:18,2,0,0
BRDA:18,2,1,113
BRDA:18,3,0,113
BRDA:18,3,1,113
BRDA:19,4,0,1
BRDA:19,4,1,112
BRDA:19,5,0,113
BRDA:19,5,1,112
BRDA:20,6,0,76
BRDA:20,6,1,36
BRDA:21,7,0,0
BRDA:21,7,1,36
BRDA:21,8,0,36
BRDA:21,8,1,0
BRDA:23,9,0,0
BRDA:23,9,1,0
BRDA:23,9,2,0
BRDA:23,9,3,0
BRDA:23,9,4,0
BRDA:34,10,0,0
BRDA:34,10,1,252
BRDA:34,11,0,252
BRDA:34,11,1,252
BRDA:35,12,0,205
BRDA:35,12,1,47
BRDA:35,13,0,252
BRDA:35,13,1,205
BRDA:37,14,0,205
BRDA:37,14,1,205
BRDA:37,14,2,205
BRDA:37,14,3,72
BRDA:37,14,4,71
BRDA:41,15,0,18
BRDA:41,15,1,29
BRDA:42,16,0,8
BRDA:42,16,1,21
BRDA:48,17,0,0
BRDA:48,17,1,470
BRDA:48,18,0,470
BRDA:48,18,1,470
BRDA:48,18,2,470
BRDA:50,19,0,88
BRDA:50,19,1,382
BRDA:51,20,0,86
BRDA:51,20,1,2
BRDA:55,21,0,306
BRDA:55,21,1,76
BRDA:57,22,0,0
BRDA:57,22,1,529
BRDA:57,23,0,529
BRDA:57,23,1,529
BRDA:57,23,2,529
BRDA:60,24,0,85
BRDA:60,24,1,444
BRDA:60,25,0,529
BRDA:60,25,1,465
BRDA:60,25,2,444
BRDA:60,25,3,0
BRDA:62,26,0,77
BRDA:62,26,1,367
BRDA:62,27,0,444
BRDA:62,27,1,444
BRDA:62,27,2,77
BRDA:72,28,0,21
BRDA:72,28,1,1125
BRDA:80,29,0,205
BRDA:80,29,1,47
BRDA:80,30,0,252
BRDA:80,30,1,205
BRDA:82,31,0,204
BRDA:82,31,1,1
BRDA:84,32,0,39
BRDA:84,32,1,8
BRDA:99,33,0,0
BRDA:99,33,1,430
BRDA:99,34,0,430
BRDA:99,34,1,430
BRDA:101,35,0,430
BRDA:101,35,1,0
BRDA:108,36,0,430
BRDA:108,36,1,0
BRDA:109,37,0,430
BRDA:109,37,1,430
BRDA:112,38,0,140
BRDA:112,38,1,290
BRDA:113,39,0,140
BRDA:113,39,1,0
BRDA:118,40,0,7
BRDA:118,40,1,133
BRDA:118,41,0,140
BRDA:118,41,1,26
BRDA:121,42,0,36
BRDA:121,42,1,97
BRDA:121,43,0,133
BRDA:121,43,1,113
BRDA:123,44,0,36
BRDA:123,44,1,0
BRDA:128,45,0,15
BRDA:128,45,1,118
BRDA:128,46,0,133
BRDA:128,46,1,19
BRDA:128,46,2,15
BRDA:134,47,0,53
BRDA:134,47,1,237
BRDA:135,48,0,53
BRDA:135,48,1,237
BRDA:139,49,0,90
BRDA:139,49,1,200
BRDA:139,50,0,290
BRDA:139,50,1,252
BRDA:143,51,0,252
BRDA:143,51,1,38
BRF:118
BRH:101
end_of_record
TN:
SF:functions\apq-collection-query-param-required.js
FN:7,(anonymous_0)
FN:9,(anonymous_1)
FN:11,(anonymous_2)
FN:13,(anonymous_3)
FN:15,(anonymous_4)
FN:20,(anonymous_5)
FN:21,(anonymous_6)
FN:25,(anonymous_7)
FN:29,(anonymous_8)
FN:32,(anonymous_9)
FN:34,(anonymous_10)
FN:36,(anonymous_11)
FN:37,(anonymous_12)
FN:40,(anonymous_13)
FN:51,(anonymous_14)
FN:62,(anonymous_15)
FN:84,(anonymous_16)
FNF:17
FNH:15
FNDA:141,(anonymous_0)
FNDA:60,(anonymous_1)
FNDA:144,(anonymous_2)
FNDA:141,(anonymous_3)
FNDA:60,(anonymous_4)
FNDA:349,(anonymous_5)
FNDA:755,(anonymous_6)
FNDA:0,(anonymous_7)
FNDA:0,(anonymous_8)
FNDA:189,(anonymous_9)
FNDA:230,(anonymous_10)
FNDA:189,(anonymous_11)
FNDA:183,(anonymous_12)
FNDA:19,(anonymous_13)
FNDA:73,(anonymous_14)
FNDA:61,(anonymous_15)
FNDA:415,(anonymous_16)
DA:2,171
DA:3,171
DA:4,171
DA:5,171
DA:7,171
DA:9,171
DA:11,144
DA:13,141
DA:15,171
DA:16,60
DA:17,60
DA:20,171
DA:21,755
DA:22,349
DA:25,171
DA:26,0
DA:27,0
DA:28,0
DA:29,0
DA:32,189
DA:34,230
DA:36,189
DA:37,183
DA:40,171
DA:41,19
DA:42,19
DA:43,9
DA:46,171
DA:47,171
DA:49,171
DA:51,171
DA:52,73
DA:53,73
DA:62,171
DA:63,61
DA:65,61
DA:67,61
DA:68,61
DA:69,1
DA:75,60
DA:77,60
DA:78,60
DA:80,60
DA:82,60
DA:84,60
DA:85,415
DA:87,415
DA:88,415
DA:90,397
DA:91,349
DA:92,242
DA:94,230
DA:95,230
DA:96,175
DA:100,175
DA:103,55
DA:104,55
DA:105,8
DA:112,60
LF:59
LH:55
BRDA:16,0,0,9
BRDA:16,0,1,51
BRDA:17,1,0,27
BRDA:17,1,1,33
BRDA:22,2,0,149
BRDA:22,2,1,200
BRDA:26,3,0,0
BRDA:26,3,1,0
BRDA:26,3,2,0
BRDA:27,4,0,0
BRDA:27,4,1,0
BRDA:27,5,0,0
BRDA:27,5,1,0
BRDA:27,5,2,0
BRDA:29,6,0,0
BRDA:29,6,1,0
BRDA:32,7,0,0
BRDA:32,7,1,189
BRDA:32,8,0,189
BRDA:32,8,1,189
BRDA:34,9,0,168
BRDA:34,9,1,62
BRDA:37,10,0,183
BRDA:37,10,1,183
BRDA:37,10,2,67
BRDA:41,11,0,0
BRDA:41,11,1,19
BRDA:42,12,0,10
BRDA:42,12,1,9
BRDA:42,13,0,19
BRDA:42,13,1,10
BRDA:52,14,0,73
BRDA:52,14,1,73
BRDA:53,15,0,73
BRDA:53,15,1,73
BRDA:53,15,2,73
BRDA:62,16,0,0
BRDA:63,17,0,0
BRDA:63,17,1,61
BRDA:63,18,0,61
BRDA:63,18,1,61
BRDA:65,19,0,61
BRDA:65,19,1,0
BRDA:65,20,0,61
BRDA:65,20,1,61
BRDA:65,20,2,61
BRDA:67,21,0,51
BRDA:67,21,1,10
BRDA:68,22,0,1
BRDA:68,22,1,60
BRDA:77,23,0,51
BRDA:77,23,1,9
BRDA:85,24,0,0
BRDA:85,24,1,415
BRDA:85,25,0,415
BRDA:85,25,1,415
BRDA:88,26,0,18
BRDA:88,26,1,397
BRDA:88,27,0,415
BRDA:88,27,1,397
BRDA:90,28,0,48
BRDA:90,28,1,349
BRDA:91,29,0,107
BRDA:91,29,1,242
BRDA:92,30,0,12
BRDA:92,30,1,230
BRDA:92,31,0,242
BRDA:92,31,1,73
BRDA:95,32,0,175
BRDA:95,32,1,55
BRDA:104,33,0,8
BRDA:104,33,1,47
BRDA:104,34,0,55
BRDA:104,34,1,19
BRF:74
BRH:58
end_of_record
TN:
SF:functions\apq-compare-insensitive.js
FN:12,(anonymous_0)
FN:56,calculateSimilarity
FN:65,(anonymous_2)
FN:83,tokenize
FN:88,(anonymous_4)
FN:89,(anonymous_5)
FN:96,stem
FN:109,levenshteinDistance
FN:112,(anonymous_8)
FNF:9
FNH:9
FNDA:4,(anonymous_0)
FNDA:1,calculateSimilarity
FNDA:3,(anonymous_2)
FNDA:2,tokenize
FNDA:34,(anonymous_4)
FNDA:29,(anonymous_5)
FNDA:29,stem
FNDA:1,levenshteinDistance
FNDA:135,(anonymous_8)
DA:12,171
DA:13,4
DA:14,4
DA:15,0
DA:18,4
DA:19,4
DA:21,4
DA:22,2
DA:25,2
DA:26,0
DA:29,2
DA:32,2
DA:33,1
DA:37,1
DA:41,1
DA:42,1
DA:43,0
DA:49,1
DA:57,1
DA:58,1
DA:60,1
DA:61,0
DA:65,3
DA:66,1
DA:67,1
DA:70,1
DA:71,1
DA:72,1
DA:73,1
DA:74,1
DA:77,1
DA:84,2
DA:88,34
DA:89,29
DA:98,29
DA:110,1
DA:111,1
DA:112,135
DA:114,13
DA:115,135
DA:117,1
DA:118,134
DA:119,1608
DA:120,1608
DA:128,1
LF:45
LH:41
BRDA:14,0,0,0
BRDA:14,0,1,4
BRDA:21,1,0,2
BRDA:21,1,1,2
BRDA:21,2,0,4
BRDA:21,2,1,2
BRDA:25,3,0,0
BRDA:25,3,1,2
BRDA:29,4,0,2
BRDA:29,4,1,0
BRDA:32,5,0,1
BRDA:32,5,1,1
BRDA:42,6,0,0
BRDA:42,6,1,1
BRDA:60,7,0,0
BRDA:60,7,1,1
BRDA:60,8,0,1
BRDA:60,8,1,1
BRDA:74,9,0,0
BRDA:74,9,1,1
BRDA:119,10,0,143
BRDA:119,10,1,1465
BRF:22
BRH:16
end_of_record
TN:
SF:functions\apq-custom-field.js
FN:8,(anonymous_0)
FN:14,(anonymous_1)
FN:17,(anonymous_2)
FN:20,(anonymous_3)
FN:33,(anonymous_4)
FN:45,(anonymous_5)
FN:46,(anonymous_6)
FN:51,(anonymous_7)
FNF:8
FNH:8
FNDA:6,(anonymous_0)
FNDA:18,(anonymous_1)
FNDA:69,(anonymous_2)
FNDA:13,(anonymous_3)
FNDA:12,(anonymous_4)
FNDA:12,(anonymous_5)
FNDA:18,(anonymous_6)
FNDA:23,(anonymous_7)
DA:8,171
DA:9,6
DA:10,6
DA:12,6
DA:14,18
DA:15,6
DA:17,6
DA:18,69
DA:20,6
DA:21,13
DA:26,6
DA:27,0
DA:30,6
DA:32,6
DA:33,12
DA:36,6
DA:37,0
DA:45,12
DA:46,18
DA:48,6
DA:49,6
DA:51,6
DA:52,23
DA:54,21
DA:56,21
DA:58,21
DA:60,19
DA:62,19
DA:64,19
DA:65,13
DA:69,6
LF:31
LH:29
BRDA:9,0,0,6
BRDA:9,0,1,0
BRDA:12,1,0,0
BRDA:12,1,1,6
BRDA:12,2,0,6
BRDA:12,2,1,6
BRDA:12,2,2,6
BRDA:18,3,0,69
BRDA:18,3,1,69
BRDA:18,3,2,69
BRDA:26,4,0,0
BRDA:26,4,1,6
BRDA:33,5,0,12
BRDA:33,5,1,6
BRDA:33,6,0,6
BRDA:33,6,1,0
BRDA:36,7,0,0
BRDA:36,7,1,6
BRDA:51,8,0,6
BRDA:51,8,1,0
BRDA:52,9,0,2
BRDA:52,9,1,21
BRDA:54,10,0,0
BRDA:54,10,1,21
BRDA:54,11,0,21
BRDA:54,11,1,21
BRDA:58,12,0,2
BRDA:58,12,1,19
BRDA:60,13,0,0
BRDA:60,13,1,19
BRDA:60,14,0,19
BRDA:60,14,1,19
BRDA:64,15,0,13
BRDA:64,15,1,6
BRF:34
BRH:26
end_of_record
TN:
SF:functions\apq-custom-schema.js
FN:5,DeepCompare
FN:8,Objects
FN:77,(anonymous_2)
FNF:3
FNH:0
FNDA:0,DeepCompare
FNDA:0,Objects
FNDA:0,(anonymous_2)
DA:13,0
DA:14,0
DA:15,0
DA:16,0
DA:18,0
DA:19,0
DA:23,0
DA:24,0
DA:25,0
DA:26,0
DA:28,0
DA:29,0
DA:30,0
DA:33,0
DA:36,0
DA:37,0
DA:39,0
DA:40,0
DA:43,0
DA:44,0
DA:45,0
DA:48,0
DA:49,0
DA:51,0
DA:55,0
DA:58,0
DA:59,0
DA:60,0
DA:62,0
DA:63,0
DA:67,0
DA:77,171
DA:78,0
DA:79,0
DA:80,0
DA:81,0
DA:83,0
DA:85,0
LF:38
LH:1
BRDA:8,0,0,0
BRDA:14,1,0,0
BRDA:14,1,1,0
BRDA:15,2,0,0
BRDA:15,2,1,0
BRDA:18,3,0,0
BRDA:18,3,1,0
BRDA:24,4,0,0
BRDA:24,4,1,0
BRDA:25,5,0,0
BRDA:25,5,1,0
BRDA:29,6,0,0
BRDA:29,6,1,0
BRDA:33,7,0,0
BRDA:33,7,1,0
BRDA:33,7,2,0
BRDA:39,8,0,0
BRDA:39,8,1,0
BRDA:39,9,0,0
BRDA:39,9,1,0
BRDA:48,10,0,0
BRDA:48,10,1,0
BRDA:62,11,0,0
BRDA:62,11,1,0
BRDA:62,12,0,0
BRDA:62,12,1,0
BRDA:79,13,0,0
BRDA:79,13,1,0
BRDA:80,14,0,0
BRDA:80,14,1,0
BRDA:81,15,0,0
BRDA:81,15,1,0
BRDA:83,16,0,0
BRDA:83,16,1,0
BRF:34
BRH:0
end_of_record
TN:
SF:functions\apq-example-schema-types.js
FN:1,getPrimaryType
FN:15,determineExampleType
FN:24,schemaTypes
FN:29,(anonymous_3)
FN:37,exampleTypes
FN:40,(anonymous_5)
FN:46,swaggerExampleTypes
FN:49,(anonymous_7)
FN:52,(anonymous_8)
FN:59,isCompatible
FN:66,mismatches
FN:78,isPresent
FN:87,(anonymous_12)
FN:94,(anonymous_13)
FNF:14
FNH:14
FNDA:132,getPrimaryType
FNDA:136,determineExampleType
FNDA:76,schemaTypes
FNDA:132,(anonymous_3)
FNDA:53,exampleTypes
FNDA:104,(anonymous_5)
FNDA:16,swaggerExampleTypes
FNDA:18,(anonymous_7)
FNDA:32,(anonymous_8)
FNDA:122,isCompatible
FNDA:76,mismatches
FNDA:260,isPresent
FNDA:86,(anonymous_12)
FNDA:65,(anonymous_13)
DA:2,132
DA:3,124
DA:4,63
DA:5,67
DA:6,67
DA:7,67
DA:9,0
DA:11,61
DA:12,61
DA:16,136
DA:17,127
DA:18,120
DA:19,113
DA:20,106
DA:21,62
DA:25,76
DA:26,76
DA:27,76
DA:28,76
DA:29,69
DA:30,132
DA:31,132
DA:32,132
DA:34,69
DA:38,53
DA:39,53
DA:40,53
DA:41,104
DA:43,53
DA:47,16
DA:48,16
DA:49,16
DA:50,18
DA:51,18
DA:52,18
DA:53,32
DA:56,16
DA:60,122
DA:61,114
DA:62,105
DA:63,34
DA:67,76
DA:68,76
DA:69,69
DA:71,69
DA:72,122
DA:73,122
DA:75,43
DA:79,260
DA:87,171
DA:88,86
DA:90,86
DA:91,86
DA:93,86
DA:94,62
DA:95,65
DA:96,65
DA:97,65
DA:98,65
DA:99,58
DA:100,21
DA:106,62
DA:109,24
DA:110,24
DA:111,18
DA:112,5
DA:115,18
LF:67
LH:66
BRDA:2,0,0,8
BRDA:2,0,1,124
BRDA:2,1,0,132
BRDA:2,1,1,124
BRDA:3,2,0,63
BRDA:3,2,1,61
BRDA:5,3,0,0
BRDA:5,3,1,67
BRDA:5,4,0,67
BRDA:5,4,1,67
BRDA:7,5,0,63
BRDA:7,5,1,4
BRDA:11,6,0,0
BRDA:11,6,1,61
BRDA:16,7,0,9
BRDA:16,7,1,127
BRDA:16,8,0,136
BRDA:16,8,1,127
BRDA:17,9,0,7
BRDA:17,9,1,120
BRDA:18,10,0,7
BRDA:18,10,1,113
BRDA:19,11,0,7
BRDA:19,11,1,106
BRDA:20,12,0,44
BRDA:20,12,1,62
BRDA:20,13,0,34
BRDA:20,13,1,10
BRDA:26,14,0,0
BRDA:26,14,1,76
BRDA:26,15,0,76
BRDA:26,15,1,76
BRDA:28,16,0,7
BRDA:28,16,1,69
BRDA:28,17,0,76
BRDA:28,17,1,69
BRDA:31,18,0,132
BRDA:31,18,1,0
BRDA:31,19,0,132
BRDA:31,19,1,132
BRDA:39,20,0,0
BRDA:39,20,1,53
BRDA:39,21,0,53
BRDA:39,21,1,53
BRDA:39,21,2,53
BRDA:48,22,0,0
BRDA:48,22,1,16
BRDA:48,23,0,16
BRDA:48,23,1,16
BRDA:48,23,2,16
BRDA:51,24,0,0
BRDA:51,24,1,18
BRDA:51,25,0,18
BRDA:51,25,1,18
BRDA:51,25,2,18
BRDA:60,26,0,8
BRDA:60,26,1,114
BRDA:61,27,0,9
BRDA:61,27,1,105
BRDA:62,28,0,71
BRDA:62,28,1,34
BRDA:63,29,0,34
BRDA:63,29,1,8
BRDA:68,30,0,7
BRDA:68,30,1,69
BRDA:69,31,0,16
BRDA:69,31,1,53
BRDA:72,32,0,118
BRDA:72,32,1,4
BRDA:73,33,0,26
BRDA:73,33,1,96
BRDA:79,34,0,260
BRDA:79,34,1,223
BRDA:88,35,0,0
BRDA:88,35,1,86
BRDA:88,36,0,86
BRDA:88,36,1,86
BRDA:93,37,0,62
BRDA:93,37,1,24
BRDA:93,38,0,86
BRDA:93,38,1,62
BRDA:93,38,2,62
BRDA:96,39,0,0
BRDA:96,39,1,65
BRDA:96,40,0,65
BRDA:96,40,1,65
BRDA:98,41,0,7
BRDA:98,41,1,58
BRDA:98,42,0,65
BRDA:98,42,1,65
BRDA:99,43,0,21
BRDA:99,43,1,37
BRDA:110,44,0,6
BRDA:110,44,1,18
BRDA:110,45,0,24
BRDA:110,45,1,20
BRDA:111,46,0,5
BRDA:111,46,1,13
BRF:98
BRH:89
end_of_record
TN:
SF:functions\apq-forbidden-characters.js
FN:6,(anonymous_0)
FN:11,(anonymous_1)
FN:21,(anonymous_2)
FNF:3
FNH:3
FNDA:111,(anonymous_0)
FNDA:93,(anonymous_1)
FNDA:47,(anonymous_2)
DA:6,171
DA:7,111
DA:8,111
DA:9,111
DA:10,111
DA:11,111
DA:13,111
DA:14,89
DA:15,67
DA:20,22
DA:21,22
DA:22,47
DA:23,26
DA:31,111
LF:14
LH:14
BRDA:7,0,0,111
BRDA:7,0,1,111
BRDA:7,0,2,0
BRDA:10,1,0,111
BRDA:10,1,1,0
BRDA:13,2,0,89
BRDA:13,2,1,22
BRDA:14,3,0,67
BRDA:14,3,1,22
BRDA:20,4,0,22
BRDA:20,4,1,0
BRDA:22,5,0,26
BRDA:22,5,1,21
BRDA:22,6,0,47
BRDA:22,6,1,47
BRF:15
BRH:12
end_of_record
TN:
SF:functions\apq-forbidden-query-format.js
FN:1,(anonymous_0)
FN:6,(anonymous_1)
FN:12,(anonymous_2)
FNF:3
FNH:3
FNDA:14,(anonymous_0)
FNDA:14,(anonymous_1)
FNDA:14,(anonymous_2)
DA:1,171
DA:2,14
DA:4,14
DA:6,14
DA:8,14
DA:10,14
DA:12,14
DA:14,14
DA:16,14
DA:17,14
DA:18,14
DA:19,14
DA:21,7
DA:22,7
DA:24,7
DA:25,5
DA:28,2
LF:17
LH:17
BRDA:2,0,0,0
BRDA:2,0,1,14
BRDA:2,1,0,14
BRDA:2,1,1,14
BRDA:4,2,0,14
BRDA:4,2,1,14
BRDA:4,2,2,0
BRDA:8,3,0,0
BRDA:8,3,1,14
BRDA:10,4,0,14
BRDA:10,4,1,14
BRDA:10,4,2,2
BRDA:14,5,0,14
BRDA:14,5,1,14
BRDA:14,5,2,0
BRDA:18,6,0,2
BRDA:18,6,1,12
BRDA:19,7,0,7
BRDA:19,7,1,7
BRDA:22,8,0,5
BRDA:22,8,1,2
BRDA:22,9,0,2
BRDA:22,9,1,2
BRDA:24,10,0,5
BRDA:24,10,1,2
BRDA:24,11,0,7
BRDA:24,11,1,7
BRF:27
BRH:23
end_of_record
TN:
SF:functions\apq-has-filter-query-param.js
FN:6,(anonymous_0)
FN:18,(anonymous_1)
FNF:2
FNH:0
FNDA:0,(anonymous_0)
FNDA:0,(anonymous_1)
DA:6,171
DA:7,0
DA:8,0
DA:11,0
DA:13,0
DA:14,0
DA:17,0
DA:18,0
DA:21,0
DA:22,0
DA:25,0
LF:11
LH:1
BRDA:7,0,0,0
BRDA:7,0,1,0
BRDA:7,1,0,0
BRDA:7,1,1,0
BRDA:13,2,0,0
BRDA:13,2,1,0
BRDA:13,3,0,0
BRDA:13,3,1,0
BRDA:18,4,0,0
BRDA:18,4,1,0
BRDA:18,4,2,0
BRDA:18,4,3,0
BRDA:21,5,0,0
BRDA:21,5,1,0
BRF:14
BRH:0
end_of_record
TN:
SF:functions\apq-mandatory-response-codes.js
FN:1,(anonymous_0)
FN:6,(anonymous_1)
FN:12,(anonymous_2)
FN:28,(anonymous_3)
FN:29,(anonymous_4)
FNF:5
FNH:5
FNDA:54,(anonymous_0)
FNDA:199,(anonymous_1)
FNDA:111,(anonymous_2)
FNDA:101,(anonymous_3)
FNDA:142,(anonymous_4)
DA:1,171
DA:2,54
DA:4,54
DA:6,199
DA:8,54
DA:10,54
DA:12,111
DA:14,54
DA:16,54
DA:17,54
DA:18,54
DA:19,54
DA:21,51
DA:23,51
DA:24,51
DA:25,0
DA:28,101
DA:29,142
DA:31,51
DA:32,26
DA:35,25
LF:21
LH:20
BRDA:2,0,0,0
BRDA:2,0,1,54
BRDA:2,1,0,54
BRDA:2,1,1,54
BRDA:4,2,0,54
BRDA:4,2,1,54
BRDA:4,2,2,0
BRDA:8,3,0,0
BRDA:8,3,1,54
BRDA:10,4,0,54
BRDA:10,4,1,54
BRDA:10,4,2,0
BRDA:14,5,0,54
BRDA:14,5,1,54
BRDA:14,5,2,0
BRDA:18,6,0,54
BRDA:18,6,1,0
BRDA:19,7,0,3
BRDA:19,7,1,51
BRDA:24,8,0,0
BRDA:24,8,1,51
BRDA:24,9,0,51
BRDA:24,9,1,51
BRDA:31,10,0,26
BRDA:31,10,1,25
BRF:25
BRH:18
end_of_record
TN:
SF:functions\apq-numeric-invalid-format.js
FN:4,getPrimaryType
FN:18,readFormat
FN:30,isInsideNonSchemaValue
FN:40,isSwaggerResponseHeader
FN:50,(anonymous_4)
FNF:5
FNH:5
FNDA:241,getPrimaryType
FNDA:166,readFormat
FNDA:249,isInsideNonSchemaValue
FNDA:243,isSwaggerResponseHeader
FNDA:249,(anonymous_4)
DA:1,171
DA:2,171
DA:5,241
DA:6,241
DA:7,83
DA:8,89
DA:9,89
DA:10,89
DA:12,6
DA:14,158
DA:15,158
DA:19,166
DA:20,147
DA:21,147
DA:22,140
DA:23,140
DA:24,140
DA:25,126
DA:28,171
DA:31,249
DA:32,2194
DA:33,2194
DA:34,12
DA:35,6
DA:37,243
DA:41,243
DA:42,243
DA:50,171
DA:51,249
DA:52,249
DA:54,241
DA:55,241
DA:57,166
DA:58,166
DA:60,126
DA:61,126
DA:63,50
LF:37
LH:37
BRDA:5,0,0,0
BRDA:5,0,1,241
BRDA:5,1,0,241
BRDA:5,1,1,241
BRDA:6,2,0,83
BRDA:6,2,1,158
BRDA:8,3,0,0
BRDA:8,3,1,89
BRDA:8,4,0,89
BRDA:8,4,1,89
BRDA:10,5,0,77
BRDA:10,5,1,12
BRDA:14,6,0,0
BRDA:14,6,1,158
BRDA:19,7,0,19
BRDA:19,7,1,147
BRDA:21,8,0,7
BRDA:21,8,1,140
BRDA:21,9,0,147
BRDA:21,9,1,140
BRDA:22,10,0,0
BRDA:22,10,1,140
BRDA:24,11,0,14
BRDA:24,11,1,126
BRDA:33,12,0,2182
BRDA:33,12,1,12
BRDA:33,13,0,2194
BRDA:33,13,1,2164
BRDA:34,14,0,6
BRDA:34,14,1,6
BRDA:34,15,0,12
BRDA:34,15,1,12
BRDA:42,16,0,243
BRDA:42,16,1,243
BRDA:42,16,2,2
BRDA:42,16,3,2
BRDA:51,17,0,0
BRDA:51,17,1,249
BRDA:51,18,0,249
BRDA:51,18,1,249
BRDA:52,19,0,8
BRDA:52,19,1,241
BRDA:52,20,0,249
BRDA:52,20,1,243
BRDA:55,21,0,75
BRDA:55,21,1,166
BRDA:55,22,0,241
BRDA:55,22,1,125
BRDA:58,23,0,40
BRDA:58,23,1,126
BRDA:58,24,0,166
BRDA:58,24,1,140
BRDA:60,25,0,81
BRDA:60,25,1,45
BRDA:61,26,0,76
BRDA:61,26,1,50
BRF:56
BRH:51
end_of_record
TN:
SF:functions\apq-numeric-missing-format.js
FN:1,getPrimaryType
FN:15,readFormat
FN:27,isInsideNonSchemaValue
FN:37,isSwaggerResponseHeader
FN:47,(anonymous_4)
FNF:5
FNH:5
FNDA:251,getPrimaryType
FNDA:164,readFormat
FNDA:259,isInsideNonSchemaValue
FNDA:253,isSwaggerResponseHeader
FNDA:259,(anonymous_4)
DA:2,251
DA:3,251
DA:4,73
DA:5,75
DA:6,75
DA:7,75
DA:9,6
DA:11,178
DA:12,178
DA:16,164
DA:17,101
DA:18,101
DA:19,97
DA:20,97
DA:21,97
DA:22,83
DA:25,171
DA:28,259
DA:29,2275
DA:30,2275
DA:31,12
DA:32,6
DA:34,253
DA:38,253
DA:39,253
DA:47,171
DA:48,259
DA:49,259
DA:51,251
DA:52,251
DA:54,164
DA:55,164
DA:57,67
LF:33
LH:33
BRDA:2,0,0,0
BRDA:2,0,1,251
BRDA:2,1,0,251
BRDA:2,1,1,251
BRDA:3,2,0,73
BRDA:3,2,1,178
BRDA:5,3,0,0
BRDA:5,3,1,75
BRDA:5,4,0,75
BRDA:5,4,1,75
BRDA:7,5,0,67
BRDA:7,5,1,8
BRDA:11,6,0,0
BRDA:11,6,1,178
BRDA:16,7,0,63
BRDA:16,7,1,101
BRDA:18,8,0,4
BRDA:18,8,1,97
BRDA:18,9,0,101
BRDA:18,9,1,97
BRDA:19,10,0,0
BRDA:19,10,1,97
BRDA:21,11,0,14
BRDA:21,11,1,83
BRDA:30,12,0,2263
BRDA:30,12,1,12
BRDA:30,13,0,2275
BRDA:30,13,1,2232
BRDA:31,14,0,6
BRDA:31,14,1,6
BRDA:31,15,0,12
BRDA:31,15,1,12
BRDA:39,16,0,253
BRDA:39,16,1,253
BRDA:39,16,2,2
BRDA:39,16,3,2
BRDA:48,17,0,0
BRDA:48,17,1,259
BRDA:48,18,0,259
BRDA:48,18,1,259
BRDA:49,19,0,8
BRDA:49,19,1,251
BRDA:49,20,0,259
BRDA:49,20,1,253
BRDA:52,21,0,87
BRDA:52,21,1,164
BRDA:52,22,0,251
BRDA:52,22,1,141
BRDA:55,23,0,97
BRDA:55,23,1,67
BRF:50
BRH:45
end_of_record
TN:
SF:functions\apq-numeric-parameter-integrity.js
FN:6,(anonymous_0)
FN:16,(anonymous_1)
FNF:2
FNH:2
FNDA:86,(anonymous_0)
FNDA:258,(anonymous_1)
DA:6,171
DA:7,86
DA:9,86
DA:11,86
DA:12,86
DA:13,86
DA:14,86
DA:16,258
DA:17,86
DA:18,86
DA:19,86
DA:21,86
DA:22,86
DA:24,86
DA:26,57
DA:27,57
DA:32,57
LF:17
LH:17
BRDA:9,0,0,0
BRDA:9,0,1,86
BRDA:9,1,0,86
BRDA:9,1,1,86
BRDA:12,2,0,26
BRDA:12,2,1,60
BRDA:13,3,0,86
BRDA:13,3,1,22
BRDA:14,4,0,0
BRDA:14,4,1,86
BRDA:21,5,0,86
BRDA:21,5,1,42
BRDA:22,6,0,86
BRDA:22,6,1,21
BRDA:22,6,2,11
BRDA:24,7,0,29
BRDA:24,7,1,57
BRDA:24,8,0,86
BRDA:24,8,1,63
BRF:19
BRH:17
end_of_record
TN:
SF:functions\apq-numeric-path-param.js
FN:6,(anonymous_0)
FNF:1
FNH:1
FNDA:22,(anonymous_0)
DA:6,171
DA:7,22
DA:8,22
DA:12,22
DA:13,20
DA:14,20
DA:15,2
DA:16,2
DA:17,2
DA:19,0
DA:22,22
DA:23,22
DA:26,22
DA:28,12
DA:29,12
DA:33,12
LF:16
LH:15
BRDA:8,0,0,0
BRDA:8,0,1,22
BRDA:8,1,0,22
BRDA:8,1,1,22
BRDA:8,1,2,22
BRDA:12,2,0,20
BRDA:12,2,1,2
BRDA:12,3,0,22
BRDA:12,3,1,20
BRDA:15,4,0,2
BRDA:15,4,1,0
BRDA:22,5,0,4
BRDA:22,5,1,18
BRDA:23,6,0,22
BRDA:23,6,1,14
BRDA:23,6,2,10
BRDA:26,7,0,10
BRDA:26,7,1,12
BRF:18
BRH:16
end_of_record
TN:
SF:functions\apq-numeric-well-defined-format.js
FN:4,getPrimaryType
FN:18,readFormat
FN:30,isInsideNonSchemaValue
FN:40,isSwaggerResponseHeader
FN:50,(anonymous_4)
FNF:5
FNH:5
FNDA:240,getPrimaryType
FNDA:161,readFormat
FNDA:248,isInsideNonSchemaValue
FNDA:242,isSwaggerResponseHeader
FNDA:248,(anonymous_4)
DA:1,171
DA:2,171
DA:5,240
DA:6,240
DA:7,81
DA:8,88
DA:9,88
DA:10,88
DA:12,6
DA:14,159
DA:15,159
DA:19,161
DA:20,129
DA:21,129
DA:22,125
DA:23,125
DA:24,125
DA:25,111
DA:28,171
DA:31,248
DA:32,2217
DA:33,2217
DA:34,12
DA:35,6
DA:37,242
DA:41,242
DA:42,242
DA:50,171
DA:51,248
DA:52,248
DA:54,240
DA:55,240
DA:57,161
DA:58,161
DA:60,147
DA:61,147
DA:63,68
LF:37
LH:37
BRDA:5,0,0,0
BRDA:5,0,1,240
BRDA:5,1,0,240
BRDA:5,1,1,240
BRDA:6,2,0,81
BRDA:6,2,1,159
BRDA:8,3,0,0
BRDA:8,3,1,88
BRDA:8,4,0,88
BRDA:8,4,1,88
BRDA:10,5,0,75
BRDA:10,5,1,13
BRDA:14,6,0,0
BRDA:14,6,1,159
BRDA:19,7,0,32
BRDA:19,7,1,129
BRDA:21,8,0,4
BRDA:21,8,1,125
BRDA:21,9,0,129
BRDA:21,9,1,125
BRDA:22,10,0,0
BRDA:22,10,1,125
BRDA:24,11,0,14
BRDA:24,11,1,111
BRDA:33,12,0,2205
BRDA:33,12,1,12
BRDA:33,13,0,2217
BRDA:33,13,1,2186
BRDA:34,14,0,6
BRDA:34,14,1,6
BRDA:34,15,0,12
BRDA:34,15,1,12
BRDA:42,16,0,242
BRDA:42,16,1,242
BRDA:42,16,2,2
BRDA:42,16,3,2
BRDA:51,17,0,0
BRDA:51,17,1,248
BRDA:51,18,0,248
BRDA:51,18,1,248
BRDA:52,19,0,8
BRDA:52,19,1,240
BRDA:52,20,0,248
BRDA:52,20,1,242
BRDA:55,21,0,79
BRDA:55,21,1,161
BRDA:55,22,0,240
BRDA:55,22,1,132
BRDA:58,23,0,14
BRDA:58,23,1,147
BRDA:60,24,0,94
BRDA:60,24,1,53
BRDA:61,25,0,79
BRDA:61,25,1,68
BRDA:61,26,0,147
BRDA:61,26,1,111
BRF:56
BRH:51
end_of_record
TN:
SF:functions\apq-paged-response-check.js
FN:1,(anonymous_0)
FN:35,(anonymous_1)
FNF:2
FNH:2
FNDA:5,(anonymous_0)
FNDA:9,(anonymous_1)
DA:1,171
DA:2,5
DA:4,5
DA:5,0
DA:9,5
DA:10,5
DA:11,5
DA:12,5
DA:16,0
DA:22,5
DA:23,5
DA:24,5
DA:27,5
DA:28,0
DA:32,5
DA:34,5
DA:35,9
DA:38,5
DA:39,3
DA:44,5
DA:47,0
DA:50,0
DA:51,0
DA:55,0
DA:59,0
DA:60,0
DA:61,0
DA:62,0
DA:66,0
DA:67,0
DA:74,0
DA:75,0
DA:76,0
DA:77,0
DA:78,0
DA:80,0
DA:81,0
DA:82,0
DA:90,0
DA:91,0
DA:99,0
DA:103,171
LF:42
LH:18
BRDA:1,0,0,0
BRDA:4,1,0,0
BRDA:4,1,1,5
BRDA:4,2,0,5
BRDA:4,2,1,5
BRDA:11,3,0,5
BRDA:11,3,1,0
BRDA:12,4,0,5
BRDA:12,4,1,0
BRDA:22,5,0,5
BRDA:22,5,1,0
BRDA:23,6,0,5
BRDA:23,6,1,0
BRDA:24,7,0,5
BRDA:24,7,1,0
BRDA:27,8,0,0
BRDA:27,8,1,5
BRDA:32,9,0,5
BRDA:32,9,1,0
BRDA:34,10,0,5
BRDA:34,10,1,0
BRDA:35,11,0,9
BRDA:35,11,1,9
BRDA:38,12,0,3
BRDA:38,12,1,2
BRDA:50,13,0,0
BRDA:50,13,1,0
BRDA:61,14,0,0
BRDA:61,14,1,0
BRDA:66,15,0,0
BRDA:66,15,1,0
BRDA:74,16,0,0
BRDA:74,16,1,0
BRDA:74,17,0,0
BRDA:74,17,1,0
BRDA:76,18,0,0
BRDA:76,18,1,0
BRDA:78,19,0,0
BRDA:78,19,1,0
BRDA:81,20,0,0
BRDA:81,20,1,0
BRDA:90,21,0,0
BRDA:90,21,1,0
BRDA:90,22,0,0
BRDA:90,22,1,0
BRDA:90,22,2,0
BRF:46
BRH:15
end_of_record
TN:
SF:functions\apq-parameter-naming-convention.js
FN:20,(anonymous_0)
FN:40,(anonymous_1)
FNF:2
FNH:1
FNDA:36,(anonymous_0)
FNDA:0,(anonymous_1)
DA:1,171
DA:8,171
DA:12,171
DA:20,171
DA:21,36
DA:23,36
DA:24,36
DA:26,36
DA:27,0
DA:33,36
DA:34,0
DA:37,36
DA:40,36
DA:42,36
DA:45,12
DA:46,12
DA:47,5
DA:54,7
DA:57,6
DA:58,6
DA:62,18
DA:63,18
DA:66,31
DA:67,7
DA:75,24
LF:25
LH:23
BRDA:21,0,0,0
BRDA:21,0,1,36
BRDA:23,1,0,36
BRDA:23,1,1,0
BRDA:26,2,0,0
BRDA:26,2,1,36
BRDA:33,3,0,0
BRDA:33,3,1,36
BRDA:42,4,0,6
BRDA:42,4,1,12
BRDA:42,4,2,6
BRDA:42,4,3,18
BRDA:42,4,4,18
BRDA:46,5,0,5
BRDA:46,5,1,7
BRDA:46,6,0,12
BRDA:46,6,1,9
BRDA:66,7,0,7
BRDA:66,7,1,24
BRF:19
BRH:15
end_of_record
TN:
SF:functions\apq-password-format.js
FN:7,(anonymous_0)
FN:15,(anonymous_1)
FNF:2
FNH:2
FNDA:5,(anonymous_0)
FNDA:15,(anonymous_1)
DA:7,171
DA:8,5
DA:10,5
DA:11,0
DA:15,5
DA:16,15
DA:17,0
DA:21,15
DA:23,15
DA:25,2
DA:26,1
DA:34,5
LF:12
LH:10
BRDA:10,0,0,0
BRDA:10,0,1,5
BRDA:10,1,0,5
BRDA:10,1,1,5
BRDA:16,2,0,0
BRDA:16,2,1,15
BRDA:16,3,0,15
BRDA:16,3,1,15
BRDA:23,4,0,2
BRDA:23,4,1,13
BRDA:23,5,0,15
BRDA:23,5,1,3
BRDA:25,6,0,1
BRDA:25,6,1,1
BRDA:27,7,0,1
BRDA:27,7,1,0
BRF:16
BRH:13
end_of_record
TN:
SF:functions\apq-path-depth.js
FN:6,(anonymous_0)
FN:13,(anonymous_1)
FN:14,(anonymous_2)
FNF:3
FNH:3
FNDA:95,(anonymous_0)
FNDA:469,(anonymous_1)
FNDA:336,(anonymous_2)
DA:6,171
DA:7,95
DA:8,95
DA:9,95
DA:10,95
DA:13,469
DA:14,336
DA:16,95
DA:18,95
DA:22,95
DA:23,33
DA:26,33
LF:12
LH:12
BRDA:7,0,0,95
BRDA:7,0,1,18
BRDA:7,0,2,18
BRDA:8,1,0,95
BRDA:8,1,1,18
BRDA:8,1,2,0
BRDA:8,1,3,0
BRDA:9,2,0,95
BRDA:9,2,1,0
BRDA:13,3,0,469
BRDA:13,3,1,336
BRDA:18,4,0,77
BRDA:18,4,1,18
BRDA:19,5,0,77
BRDA:19,5,1,47
BRDA:22,6,0,33
BRDA:22,6,1,62
BRDA:23,7,0,28
BRDA:23,7,1,5
BRF:19
BRH:16
end_of_record
TN:
SF:functions\apq-path-param-query-conflict.js
FN:7,(anonymous_0)
FN:38,(anonymous_1)
FNF:2
FNH:2
FNDA:8,(anonymous_0)
FNDA:21,(anonymous_1)
DA:7,171
DA:8,8
DA:10,8
DA:11,0
DA:14,8
DA:16,8
DA:17,21
DA:18,0
DA:21,21
DA:22,21
DA:24,0
DA:27,21
DA:28,21
DA:29,1
DA:32,20
DA:33,20
DA:34,20
DA:35,5
DA:38,15
DA:39,21
DA:40,18
DA:49,8
LF:22
LH:19
BRDA:10,0,0,0
BRDA:10,0,1,8
BRDA:10,1,0,8
BRDA:10,1,1,8
BRDA:17,2,0,0
BRDA:17,2,1,21
BRDA:17,3,0,21
BRDA:17,3,1,21
BRDA:22,4,0,0
BRDA:22,4,1,21
BRDA:22,5,0,21
BRDA:22,5,1,21
BRDA:22,5,2,21
BRDA:28,6,0,1
BRDA:28,6,1,20
BRDA:32,7,0,20
BRDA:32,7,1,0
BRDA:34,8,0,5
BRDA:34,8,1,15
BRDA:39,9,0,18
BRDA:39,9,1,3
BRDA:39,10,0,21
BRDA:39,10,1,21
BRDA:39,10,2,17
BRF:24
BRH:20
end_of_record
TN:
SF:functions\apq-path-pattern.js
FN:1,(anonymous_0)
FNF:1
FNH:1
FNDA:70,(anonymous_0)
DA:1,171
DA:2,70
DA:4,70
DA:5,2
DA:8,68
DA:9,68
DA:10,23
DA:13,45
LF:8
LH:8
BRDA:1,0,0,1
BRDA:2,1,0,70
BRDA:2,1,1,70
BRDA:2,1,2,3
BRDA:4,2,0,2
BRDA:4,2,1,68
BRDA:9,3,0,23
BRDA:9,3,1,45
BRF:8
BRH:8
end_of_record
TN:
SF:functions\apq-query-params-optional.js
FN:10,(anonymous_0)
FN:12,parseExclusions
FN:16,(anonymous_2)
FN:25,refToSegments
FN:29,(anonymous_4)
FN:40,getAt
FN:42,(anonymous_6)
FN:47,(anonymous_7)
FN:53,definitionSegments
FN:63,(anonymous_9)
FN:68,buildRefUsages
FN:75,(anonymous_11)
FN:82,(anonymous_12)
FN:89,(anonymous_13)
FN:93,(anonymous_14)
FN:121,refUsagesFor
FN:141,isRefToSharedDefinition
FN:150,(anonymous_17)
FN:160,(anonymous_18)
FN:172,(anonymous_19)
FNF:20
FNH:20
FNDA:65,(anonymous_0)
FNDA:147,parseExclusions
FNDA:177,(anonymous_2)
FNDA:79,refToSegments
FNDA:222,(anonymous_4)
FNDA:190,getAt
FNDA:733,(anonymous_6)
FNDA:78,(anonymous_7)
FNDA:36,definitionSegments
FNDA:35,(anonymous_9)
FNDA:19,buildRefUsages
FNDA:35,(anonymous_11)
FNDA:272,(anonymous_12)
FNDA:72,(anonymous_13)
FNDA:63,(anonymous_14)
FNDA:35,refUsagesFor
FNDA:147,isRefToSharedDefinition
FNDA:147,(anonymous_17)
FNDA:140,(anonymous_18)
FNDA:27,(anonymous_19)
DA:1,171
DA:4,171
DA:8,171
DA:10,171
DA:13,147
DA:16,177
DA:26,79
DA:27,1
DA:29,78
DA:30,222
DA:31,222
DA:32,222
DA:34,1
DA:36,222
DA:41,190
DA:42,733
DA:47,171
DA:54,36
DA:55,28
DA:57,8
DA:58,7
DA:60,1
DA:63,171
DA:69,19
DA:70,19
DA:71,19
DA:72,2
DA:75,17
DA:76,35
DA:77,35
DA:78,1
DA:81,34
DA:82,34
DA:83,272
DA:84,272
DA:85,38
DA:89,34
DA:90,72
DA:91,30
DA:93,42
DA:94,63
DA:95,63
DA:96,103
DA:97,59
DA:99,44
DA:100,44
DA:101,1
DA:103,43
DA:104,43
DA:105,29
DA:107,43
DA:108,43
DA:109,43
DA:110,2
DA:112,41
DA:118,17
DA:122,35
DA:123,1
DA:125,34
DA:126,34
DA:127,19
DA:128,19
DA:130,34
DA:142,147
DA:143,147
DA:144,147
DA:145,112
DA:147,35
DA:150,171
DA:151,147
DA:152,147
DA:153,147
DA:155,147
DA:156,34
DA:159,113
DA:160,140
DA:161,70
DA:162,16
DA:164,43
DA:168,36
DA:169,36
DA:172,36
DA:173,15
DA:177,82
DA:178,65
DA:181,17
LF:86
LH:86
BRDA:14,0,0,6
BRDA:14,0,1,141
BRDA:14,1,0,147
BRDA:14,1,1,141
BRDA:26,2,0,1
BRDA:26,2,1,78
BRDA:26,3,0,79
BRDA:26,3,1,79
BRDA:42,4,0,707
BRDA:42,4,1,26
BRDA:42,5,0,733
BRDA:42,5,1,733
BRDA:54,6,0,28
BRDA:54,6,1,8
BRDA:54,7,0,36
BRDA:54,7,1,28
BRDA:54,7,2,28
BRDA:57,8,0,7
BRDA:57,8,1,1
BRDA:57,9,0,8
BRDA:57,9,1,7
BRDA:63,10,0,35
BRDA:63,10,1,35
BRDA:63,10,2,29
BRDA:63,10,3,29
BRDA:63,10,4,7
BRDA:63,10,5,6
BRDA:70,11,0,19
BRDA:70,11,1,0
BRDA:70,12,0,19
BRDA:70,12,1,19
BRDA:71,13,0,2
BRDA:71,13,1,17
BRDA:71,14,0,19
BRDA:71,14,1,18
BRDA:77,15,0,1
BRDA:77,15,1,34
BRDA:77,16,0,35
BRDA:77,16,1,34
BRDA:84,17,0,38
BRDA:84,17,1,234
BRDA:84,18,0,272
BRDA:84,18,1,38
BRDA:90,19,0,30
BRDA:90,19,1,42
BRDA:96,20,0,59
BRDA:96,20,1,44
BRDA:96,21,0,103
BRDA:96,21,1,102
BRDA:96,21,2,101
BRDA:100,22,0,1
BRDA:100,22,1,43
BRDA:104,23,0,29
BRDA:104,23,1,14
BRDA:109,24,0,2
BRDA:109,24,1,41
BRDA:109,25,0,43
BRDA:109,25,1,41
BRDA:122,26,0,1
BRDA:122,26,1,34
BRDA:122,27,0,35
BRDA:122,27,1,34
BRDA:126,28,0,19
BRDA:126,28,1,15
BRDA:142,29,0,142
BRDA:142,29,1,5
BRDA:144,30,0,112
BRDA:144,30,1,35
BRDA:144,31,0,147
BRDA:144,31,1,137
BRDA:144,31,2,137
BRDA:150,32,0,3
BRDA:150,33,0,2
BRDA:151,34,0,147
BRDA:151,34,1,0
BRDA:152,35,0,147
BRDA:152,35,1,147
BRDA:152,35,2,2
BRDA:153,36,0,138
BRDA:153,36,1,9
BRDA:153,37,0,147
BRDA:153,37,1,147
BRDA:155,38,0,34
BRDA:155,38,1,113
BRDA:159,39,0,70
BRDA:159,39,1,43
BRDA:160,40,0,140
BRDA:160,40,1,140
BRDA:161,41,0,16
BRDA:161,41,1,54
BRDA:161,42,0,70
BRDA:161,42,1,70
BRDA:164,43,0,36
BRDA:164,43,1,7
BRDA:169,44,0,1
BRDA:169,44,1,35
BRDA:172,45,0,15
BRDA:172,45,1,21
BRDA:172,46,0,36
BRDA:172,46,1,21
BRDA:172,46,2,21
BRDA:177,47,0,65
BRDA:177,47,1,17
BRDA:177,48,0,82
BRDA:177,48,1,18
BRF:105
BRH:103
end_of_record
TN:
SF:functions\apq-rate-limit-response.js
FN:1,(anonymous_0)
FN:6,(anonymous_1)
FNF:2
FNH:2
FNDA:32,(anonymous_0)
FNDA:196,(anonymous_1)
DA:1,171
DA:2,32
DA:4,32
DA:6,196
DA:8,32
DA:10,32
DA:11,32
DA:12,32
DA:13,32
DA:15,18
DA:16,18
DA:17,12
DA:20,6
LF:13
LH:13
BRDA:2,0,0,0
BRDA:2,0,1,32
BRDA:2,1,0,32
BRDA:2,1,1,32
BRDA:2,1,2,32
BRDA:4,2,0,32
BRDA:4,2,1,32
BRDA:4,2,2,0
BRDA:8,3,0,32
BRDA:8,3,1,32
BRDA:8,3,2,0
BRDA:12,4,0,32
BRDA:12,4,1,0
BRDA:13,5,0,14
BRDA:13,5,1,18
BRDA:16,6,0,12
BRDA:16,6,1,6
BRDA:16,7,0,18
BRDA:16,7,1,18
BRDA:16,7,2,18
BRF:20
BRH:16
end_of_record
TN:
SF:functions\apq-require-response-on-path-params.js
FN:8,(anonymous_0)
FN:15,(anonymous_1)
FN:29,(anonymous_2)
FN:33,(anonymous_3)
FNF:4
FNH:3
FNDA:12,(anonymous_0)
FNDA:12,(anonymous_1)
FNDA:0,(anonymous_2)
FNDA:6,(anonymous_3)
DA:8,171
DA:9,12
DA:10,0
DA:13,12
DA:15,12
DA:17,12
DA:18,12
DA:19,12
DA:20,12
DA:21,12
DA:23,11
DA:24,11
DA:28,11
DA:29,0
DA:32,11
DA:33,6
DA:36,11
DA:37,7
DA:40,4
DA:42,4
DA:43,2
DA:50,2
LF:22
LH:20
BRDA:9,0,0,0
BRDA:9,0,1,12
BRDA:9,1,0,12
BRDA:9,1,1,12
BRDA:13,2,0,12
BRDA:13,2,1,12
BRDA:13,2,2,0
BRDA:17,3,0,12
BRDA:17,3,1,12
BRDA:17,3,2,0
BRDA:20,4,0,12
BRDA:20,4,1,0
BRDA:21,5,0,1
BRDA:21,5,1,11
BRDA:24,6,0,11
BRDA:24,6,1,0
BRDA:28,7,0,11
BRDA:28,7,1,11
BRDA:32,8,0,11
BRDA:32,8,1,5
BRDA:36,9,0,7
BRDA:36,9,1,4
BRDA:36,10,0,11
BRDA:36,10,1,11
BRDA:40,11,0,4
BRDA:40,11,1,0
BRDA:42,12,0,2
BRDA:42,12,1,2
BRF:28
BRH:22
end_of_record
TN:
SF:functions\apq-required-fields-exist.js
FN:3,isInsideNonSchemaValue
FN:13,isResponseJsonSchema
FN:22,isObjectType
FN:31,(anonymous_3)
FN:45,(anonymous_4)
FNF:5
FNH:5
FNDA:105,isInsideNonSchemaValue
FNDA:25,isResponseJsonSchema
FNDA:105,isObjectType
FNDA:105,(anonymous_3)
FNDA:110,(anonymous_4)
DA:1,171
DA:4,105
DA:5,534
DA:6,534
DA:7,0
DA:8,0
DA:10,105
DA:14,25
DA:15,25
DA:16,10
DA:17,7
DA:19,3
DA:23,105
DA:31,171
DA:32,105
DA:34,105
DA:35,105
DA:37,105
DA:39,90
DA:40,90
DA:42,90
DA:43,90
DA:45,90
DA:46,110
DA:47,57
DA:54,90
LF:26
LH:24
BRDA:6,0,0,534
BRDA:6,0,1,0
BRDA:6,1,0,534
BRDA:6,1,1,525
BRDA:7,2,0,0
BRDA:7,2,1,0
BRDA:7,3,0,0
BRDA:7,3,1,0
BRDA:15,4,0,15
BRDA:15,4,1,10
BRDA:16,5,0,7
BRDA:16,5,1,3
BRDA:16,6,0,10
BRDA:16,6,1,10
BRDA:16,6,2,7
BRDA:16,6,3,7
BRDA:19,7,0,3
BRDA:19,7,1,3
BRDA:23,8,0,105
BRDA:23,8,1,47
BRDA:23,8,2,26
BRDA:34,9,0,0
BRDA:34,9,1,105
BRDA:34,10,0,105
BRDA:34,10,1,105
BRDA:35,11,0,0
BRDA:35,11,1,105
BRDA:37,12,0,15
BRDA:37,12,1,90
BRDA:37,13,0,105
BRDA:37,13,1,25
BRDA:40,14,0,0
BRDA:40,14,1,90
BRDA:42,15,0,90
BRDA:42,15,1,9
BRDA:46,16,0,57
BRDA:46,16,1,53
BRF:37
BRH:29
end_of_record
TN:
SF:functions\apq-resources-by-verb.js
FN:35,(anonymous_0)
FN:44,(anonymous_1)
FN:46,(anonymous_2)
FN:77,(anonymous_3)
FN:96,(anonymous_4)
FN:97,(anonymous_5)
FN:101,(anonymous_6)
FNF:7
FNH:7
FNDA:4,(anonymous_0)
FNDA:144,(anonymous_1)
FNDA:140,(anonymous_2)
FNDA:4,(anonymous_3)
FNDA:16,(anonymous_4)
FNDA:38,(anonymous_5)
FNDA:623,(anonymous_6)
DA:1,171
DA:32,171
DA:33,171
DA:35,171
DA:36,4
DA:37,0
DA:42,4
DA:44,144
DA:47,140
DA:49,140
DA:50,0
DA:55,140
DA:56,140
DA:58,140
DA:59,0
DA:64,140
DA:65,140
DA:70,0
DA:77,171
DA:78,4
DA:79,4
DA:83,4
DA:84,4
DA:88,4
DA:90,0
DA:96,4
DA:97,16
DA:98,38
DA:99,38
DA:101,38
DA:102,623
DA:105,38
DA:106,10
DA:116,4
LF:34
LH:29
BRDA:36,0,0,0
BRDA:36,0,1,4
BRDA:49,1,0,0
BRDA:49,1,1,140
BRDA:58,2,0,0
BRDA:58,2,1,140
BRDA:77,3,0,0
BRDA:79,4,0,0
BRDA:79,4,1,4
BRDA:79,5,0,4
BRDA:79,5,1,4
BRDA:84,6,0,4
BRDA:84,6,1,0
BRDA:97,7,0,16
BRDA:97,7,1,0
BRDA:99,8,0,0
BRDA:99,8,1,38
BRDA:102,9,0,623
BRDA:102,9,1,117
BRDA:105,10,0,10
BRDA:105,10,1,28
BRF:21
BRH:13
end_of_record
TN:
SF:functions\apq-response-headers.js
FN:1,(anonymous_0)
FN:18,(anonymous_1)
FN:23,(anonymous_2)
FN:28,(anonymous_3)
FN:33,(anonymous_4)
FN:38,(anonymous_5)
FN:41,(anonymous_6)
FN:44,(anonymous_7)
FN:71,(anonymous_8)
FN:76,(anonymous_9)
FN:85,(anonymous_10)
FNF:11
FNH:11
FNDA:35,(anonymous_0)
FNDA:35,(anonymous_1)
FNDA:174,(anonymous_2)
FNDA:35,(anonymous_3)
FNDA:35,(anonymous_4)
FNDA:35,(anonymous_5)
FNDA:70,(anonymous_6)
FNDA:35,(anonymous_7)
FNDA:40,(anonymous_8)
FNDA:31,(anonymous_9)
FNDA:40,(anonymous_10)
DA:1,171
DA:2,35
DA:3,0
DA:6,35
DA:14,35
DA:16,35
DA:18,35
DA:21,35
DA:23,174
DA:26,35
DA:28,35
DA:31,35
DA:33,35
DA:36,35
DA:38,35
DA:41,70
DA:42,35
DA:44,35
DA:45,2
DA:48,33
DA:49,2
DA:52,31
DA:53,0
DA:56,31
DA:58,31
DA:59,0
DA:60,0
DA:61,0
DA:62,0
DA:63,0
DA:65,0
DA:70,31
DA:71,40
DA:73,31
DA:75,31
DA:76,31
DA:77,31
DA:78,14
DA:84,31
DA:85,40
DA:86,19
DA:87,10
DA:94,31
LF:43
LH:35
BRDA:1,0,0,0
BRDA:2,1,0,0
BRDA:2,1,1,35
BRDA:2,2,0,35
BRDA:2,2,1,35
BRDA:9,3,0,0
BRDA:10,4,0,0
BRDA:11,5,0,12
BRDA:12,6,0,0
BRDA:13,7,0,0
BRDA:41,8,0,70
BRDA:41,8,1,70
BRDA:44,9,0,2
BRDA:44,9,1,33
BRDA:44,10,0,35
BRDA:44,10,1,35
BRDA:44,11,0,35
BRDA:44,11,1,33
BRDA:48,12,0,2
BRDA:48,12,1,31
BRDA:52,13,0,0
BRDA:52,13,1,31
BRDA:52,14,0,31
BRDA:52,14,1,0
BRDA:58,15,0,0
BRDA:58,15,1,31
BRDA:58,16,0,31
BRDA:58,16,1,12
BRDA:58,16,2,0
BRDA:70,17,0,19
BRDA:70,17,1,12
BRDA:70,18,0,31
BRDA:70,18,1,19
BRDA:75,19,0,31
BRDA:75,19,1,0
BRDA:77,20,0,14
BRDA:77,20,1,17
BRDA:84,21,0,19
BRDA:84,21,1,12
BRDA:84,22,0,31
BRDA:84,22,1,31
BRDA:86,23,0,10
BRDA:86,23,1,9
BRF:43
BRH:32
end_of_record
TN:
SF:functions\apq-response-media-type.js
FN:11,parseExceptions
FN:15,(anonymous_1)
FN:20,isSupported
FN:24,(anonymous_3)
FN:43,(anonymous_4)
FN:58,(anonymous_5)
FNF:6
FNH:6
FNDA:387,parseExceptions
FNDA:582,(anonymous_1)
FNDA:118,isSupported
FNDA:387,(anonymous_3)
FNDA:32,(anonymous_4)
FNDA:86,(anonymous_5)
DA:9,171
DA:12,387
DA:15,582
DA:21,118
DA:24,171
DA:25,387
DA:26,387
DA:28,387
DA:29,387
DA:31,387
DA:32,387
DA:33,387
DA:35,387
DA:36,105
DA:38,44
DA:39,44
DA:41,44
DA:42,44
DA:43,44
DA:44,44
DA:45,20
DA:51,44
DA:54,282
DA:56,207
DA:57,88
DA:58,88
DA:59,88
DA:60,18
DA:62,88
DA:65,119
DA:66,119
DA:67,31
DA:70,119
LF:33
LH:33
BRDA:13,0,0,387
BRDA:13,0,1,0
BRDA:21,1,0,118
BRDA:21,1,1,51
BRDA:26,2,0,0
BRDA:26,2,1,387
BRDA:28,3,0,387
BRDA:28,3,1,387
BRDA:28,3,2,0
BRDA:29,4,0,387
BRDA:29,4,1,387
BRDA:35,5,0,105
BRDA:35,5,1,282
BRDA:36,6,0,61
BRDA:36,6,1,44
BRDA:39,7,0,0
BRDA:39,7,1,44
BRDA:41,8,0,44
BRDA:41,8,1,26
BRDA:42,9,0,26
BRDA:42,9,1,18
BRDA:43,10,0,44
BRDA:43,10,1,33
BRDA:44,11,0,20
BRDA:44,11,1,24
BRDA:47,12,0,7
BRDA:47,12,1,13
BRDA:54,13,0,75
BRDA:54,13,1,207
BRDA:56,14,0,88
BRDA:56,14,1,119
BRDA:59,15,0,18
BRDA:59,15,1,70
BRDA:65,16,0,119
BRDA:65,16,1,88
BRDA:66,17,0,31
BRDA:66,17,1,88
BRF:37
BRH:33
end_of_record
TN:
SF:functions\apq-responses.js
FN:2,(anonymous_0)
FN:6,(anonymous_1)
FN:10,(anonymous_2)
FN:14,(anonymous_3)
FN:16,(anonymous_4)
FNF:5
FNH:0
FNDA:0,(anonymous_0)
FNDA:0,(anonymous_1)
FNDA:0,(anonymous_2)
FNDA:0,(anonymous_3)
FNDA:0,(anonymous_4)
DA:2,0
DA:3,0
DA:4,0
DA:6,0
DA:7,0
DA:10,0
DA:11,0
DA:12,0
DA:13,0
DA:14,0
DA:16,0
DA:18,0
DA:19,0
DA:25,0
LF:14
LH:0
BRDA:4,0,0,0
BRDA:4,0,1,0
BRDA:6,1,0,0
BRDA:6,1,1,0
BRDA:6,2,0,0
BRDA:6,2,1,0
BRDA:12,3,0,0
BRDA:12,3,1,0
BRDA:13,4,0,0
BRDA:13,4,1,0
BRDA:13,5,0,0
BRDA:13,5,1,0
BRDA:14,6,0,0
BRDA:14,6,1,0
BRDA:14,7,0,0
BRDA:14,7,1,0
BRDA:16,8,0,0
BRDA:16,8,1,0
BRDA:18,9,0,0
BRDA:18,9,1,0
BRF:20
BRH:0
end_of_record
TN:
SF:functions\apq-schema-format.js
FN:7,isValidPattern
FN:18,isNotASchemaNode
FN:29,(anonymous_2)
FNF:3
FNH:3
FNDA:12,isValidPattern
FNDA:257,isNotASchemaNode
FNDA:257,(anonymous_2)
DA:1,171
DA:8,12
DA:9,12
DA:10,6
DA:12,6
DA:16,171
DA:19,257
DA:20,2094
DA:21,2094
DA:22,4
DA:23,3
DA:25,254
DA:26,254
DA:29,171
DA:30,257
DA:31,3
DA:34,254
DA:36,254
DA:37,254
DA:38,254
DA:39,112
DA:42,142
DA:43,142
DA:44,76
DA:45,55
DA:47,21
DA:50,66
DA:51,66
DA:52,34
DA:55,32
DA:56,32
DA:57,6
DA:60,26
LF:33
LH:33
BRDA:21,0,0,2090
BRDA:21,0,1,4
BRDA:21,1,0,2094
BRDA:21,1,1,2050
BRDA:22,2,0,1
BRDA:22,2,1,3
BRDA:22,3,0,4
BRDA:22,3,1,4
BRDA:26,4,0,254
BRDA:26,4,1,254
BRDA:26,4,2,0
BRDA:26,4,3,0
BRDA:30,5,0,3
BRDA:30,5,1,254
BRDA:37,6,0,254
BRDA:37,6,1,122
BRDA:37,6,2,11
BRDA:38,7,0,112
BRDA:38,7,1,142
BRDA:43,8,0,76
BRDA:43,8,1,66
BRDA:43,9,0,142
BRDA:43,9,1,76
BRDA:44,10,0,55
BRDA:44,10,1,21
BRDA:51,11,0,34
BRDA:51,11,1,32
BRDA:51,12,0,66
BRDA:51,12,1,39
BRDA:56,13,0,6
BRDA:56,13,1,26
BRDA:56,14,0,32
BRDA:56,14,1,16
BRDA:56,14,2,16
BRDA:56,14,3,12
BRF:35
BRH:33
end_of_record
TN:
SF:functions\apq-security-check.js
FN:6,(anonymous_0)
FNF:1
FNH:1
FNDA:6,(anonymous_0)
DA:6,171
DA:7,6
DA:9,6
DA:10,6
DA:12,6
DA:13,6
DA:14,2
DA:17,4
DA:19,4
DA:20,4
DA:21,8
DA:22,40
DA:23,40
DA:25,12
DA:26,12
DA:34,4
LF:16
LH:16
BRDA:7,0,0,0
BRDA:7,0,1,6
BRDA:12,1,0,6
BRDA:12,1,1,4
BRDA:13,2,0,2
BRDA:13,2,1,4
BRDA:19,3,0,4
BRDA:19,3,1,0
BRDA:23,4,0,28
BRDA:23,4,1,12
BRDA:25,5,0,12
BRDA:25,5,1,0
BRDA:25,6,0,12
BRDA:25,6,1,0
BRF:14
BRH:10
end_of_record
TN:
SF:functions\apq-security-required-response.js
FN:6,(anonymous_0)
FN:20,(anonymous_1)
FN:50,(anonymous_2)
FNF:3
FNH:3
FNDA:139,(anonymous_0)
FNDA:156,(anonymous_1)
FNDA:122,(anonymous_2)
DA:6,171
DA:7,139
DA:9,139
DA:10,0
DA:13,139
DA:14,139
DA:15,7
DA:18,132
DA:19,132
DA:20,156
DA:23,132
DA:24,132
DA:25,14
DA:29,118
DA:32,118
DA:33,118
DA:34,118
DA:35,118
DA:42,118
DA:43,16
DA:46,102
DA:47,102
DA:48,102
DA:50,102
DA:51,122
DA:52,96
DA:59,102
LF:27
LH:26
BRDA:9,0,0,0
BRDA:9,0,1,139
BRDA:9,1,0,139
BRDA:9,1,1,139
BRDA:14,2,0,7
BRDA:14,2,1,132
BRDA:14,3,0,139
BRDA:14,3,1,132
BRDA:18,4,0,132
BRDA:18,4,1,132
BRDA:18,4,2,0
BRDA:19,5,0,0
BRDA:19,5,1,132
BRDA:24,6,0,14
BRDA:24,6,1,118
BRDA:24,7,0,132
BRDA:24,7,1,99
BRDA:29,8,0,118
BRDA:29,8,1,85
BRDA:35,9,0,118
BRDA:35,9,1,17
BRDA:35,9,2,17
BRDA:42,10,0,16
BRDA:42,10,1,102
BRDA:42,11,0,118
BRDA:42,11,1,33
BRDA:46,12,0,102
BRDA:46,12,1,102
BRDA:46,12,2,0
BRDA:47,13,0,102
BRDA:47,13,1,0
BRDA:48,14,0,102
BRDA:48,14,1,0
BRDA:51,15,0,96
BRDA:51,15,1,26
BRF:35
BRH:29
end_of_record
TN:
SF:functions\apq-standard-response-codes.js
FN:6,apqStandardResponseCodes
FN:24,(anonymous_1)
FN:37,(anonymous_2)
FN:39,(anonymous_3)
FN:50,(anonymous_4)
FN:55,(anonymous_5)
FN:60,(anonymous_6)
FN:66,(anonymous_7)
FNF:8
FNH:8
FNDA:25,apqStandardResponseCodes
FNDA:25,(anonymous_1)
FNDA:650,(anonymous_2)
FNDA:600,(anonymous_3)
FNDA:3325,(anonymous_4)
FNDA:274,(anonymous_5)
FNDA:127,(anonymous_6)
FNDA:17,(anonymous_7)
DA:6,171
DA:7,25
DA:9,25
DA:11,25
DA:12,25
DA:14,25
DA:15,25
DA:16,25
DA:18,25
DA:19,25
DA:21,25
DA:23,25
DA:24,25
DA:25,25
DA:26,25
DA:27,25
DA:28,25
DA:29,25
DA:30,0
DA:32,25
DA:33,25
DA:35,25
DA:37,650
DA:40,600
DA:41,600
DA:43,600
DA:44,600
DA:45,600
DA:47,600
DA:50,3325
DA:54,25
DA:55,274
DA:58,25
DA:60,25
DA:61,127
DA:62,127
DA:64,127
DA:65,10
DA:66,17
DA:67,2
DA:68,2
DA:70,117
DA:71,45
DA:72,45
DA:75,127
DA:76,47
DA:83,25
LF:47
LH:46
BRDA:9,0,0,0
BRDA:9,0,1,25
BRDA:9,1,0,25
BRDA:9,1,1,25
BRDA:12,2,0,0
BRDA:12,2,1,25
BRDA:12,3,0,25
BRDA:12,3,1,25
BRDA:16,4,0,0
BRDA:16,4,1,25
BRDA:21,5,0,0
BRDA:21,5,1,25
BRDA:21,6,0,25
BRDA:21,6,1,25
BRDA:23,7,0,25
BRDA:23,7,1,0
BRDA:24,8,0,0
BRDA:24,8,1,25
BRDA:26,9,0,0
BRDA:26,9,1,25
BRDA:29,10,0,25
BRDA:29,10,1,9
BRDA:33,11,0,0
BRDA:33,11,1,25
BRDA:41,12,0,0
BRDA:41,12,1,600
BRDA:55,13,0,274
BRDA:55,13,1,34
BRDA:58,14,0,0
BRDA:58,14,1,25
BRDA:64,15,0,10
BRDA:64,15,1,117
BRDA:66,16,0,2
BRDA:66,16,1,8
BRDA:70,17,0,45
BRDA:70,17,1,72
BRDA:75,18,0,47
BRDA:75,18,1,80
BRF:38
BRH:28
end_of_record
TN:
SF:functions\apq-standard-response-schema.js
FN:8,(anonymous_0)
FN:9,(anonymous_1)
FN:10,(anonymous_2)
FN:11,(anonymous_3)
FN:12,(anonymous_4)
FN:13,(anonymous_5)
FN:16,isType
FN:19,(anonymous_7)
FN:23,typeOf
FN:27,getAllProperties
FN:32,(anonymous_10)
FN:41,(anonymous_11)
FN:42,(anonymous_12)
FN:51,matchesTypeViaAllOf
FN:53,(anonymous_14)
FN:56,declaredTypeOf
FN:65,createValidator
FN:68,(anonymous_17)
FN:70,validateProperty
FN:85,validateRequiredProperties
FN:88,(anonymous_20)
FN:95,validateItems
FN:115,validateObject
FN:120,(anonymous_23)
FN:134,validateArray
FN:151,validateProperties
FN:168,validateDataProperty
FN:183,validateRootProperties
FN:185,(anonymous_28)
FN:197,resolveRootNode
FN:212,visitSchemaNode
FN:239,parseConfig
FN:259,(anonymous_32)
FN:274,(anonymous_33)
FN:278,(anonymous_34)
FN:283,(anonymous_35)
FN:290,(anonymous_36)
FN:296,(anonymous_37)
FNF:38
FNH:33
FNDA:28,(anonymous_0)
FNDA:3,(anonymous_1)
FNDA:0,(anonymous_2)
FNDA:0,(anonymous_3)
FNDA:3,(anonymous_4)
FNDA:5,(anonymous_5)
FNDA:77,isType
FNDA:4,(anonymous_7)
FNDA:80,typeOf
FNDA:154,getAllProperties
FNDA:182,(anonymous_10)
FNDA:2,(anonymous_11)
FNDA:2,(anonymous_12)
FNDA:3,matchesTypeViaAllOf
FNDA:0,(anonymous_14)
FNDA:52,declaredTypeOf
FNDA:16,createValidator
FNDA:39,(anonymous_17)
FNDA:85,validateProperty
FNDA:10,validateRequiredProperties
FNDA:10,(anonymous_20)
FNDA:0,validateItems
FNDA:12,validateObject
FNDA:10,(anonymous_23)
FNDA:0,validateArray
FNDA:52,validateProperties
FNDA:21,validateDataProperty
FNDA:114,validateRootProperties
FNDA:63,(anonymous_28)
FNDA:12,resolveRootNode
FNDA:61,visitSchemaNode
FNDA:16,parseConfig
FNDA:16,(anonymous_32)
FNDA:17,(anonymous_33)
FNDA:66,(anonymous_34)
FNDA:57,(anonymous_35)
FNDA:75,(anonymous_36)
FNDA:55,(anonymous_37)
DA:1,171
DA:2,171
DA:4,171
DA:5,171
DA:7,171
DA:8,28
DA:9,3
DA:10,0
DA:11,0
DA:12,3
DA:13,5
DA:17,77
DA:18,57
DA:19,57
DA:20,54
DA:24,80
DA:28,154
DA:29,154
DA:31,154
DA:32,145
DA:33,182
DA:40,154
DA:41,2
DA:42,2
DA:43,2
DA:48,154
DA:52,3
DA:53,0
DA:57,52
DA:60,52
DA:61,52
DA:62,52
DA:66,16
DA:68,39
DA:71,85
DA:72,85
DA:73,28
DA:74,28
DA:76,57
DA:77,57
DA:78,3
DA:80,3
DA:81,3
DA:82,3
DA:86,10
DA:87,10
DA:88,10
DA:89,3
DA:96,0
DA:97,0
DA:99,0
DA:100,0
DA:101,0
DA:102,0
DA:104,0
DA:105,0
DA:106,0
DA:110,0
DA:112,0
DA:116,12
DA:119,12
DA:120,10
DA:121,10
DA:125,12
DA:128,12
DA:129,10
DA:130,10
DA:135,0
DA:136,0
DA:138,0
DA:139,0
DA:140,0
DA:141,0
DA:143,0
DA:144,0
DA:145,0
DA:146,0
DA:148,0
DA:152,52
DA:153,52
DA:155,52
DA:156,36
DA:157,36
DA:158,36
DA:160,16
DA:161,0
DA:162,0
DA:163,0
DA:165,16
DA:169,21
DA:172,21
DA:174,21
DA:175,21
DA:177,20
DA:178,20
DA:179,3
DA:184,114
DA:185,42
DA:186,63
DA:189,63
DA:190,21
DA:192,42
DA:198,12
DA:199,12
DA:200,6
DA:201,6
DA:202,6
DA:205,12
DA:206,12
DA:207,2
DA:209,12
DA:213,61
DA:214,61
DA:215,61
DA:216,58
DA:217,58
DA:218,58
DA:220,61
DA:222,58
DA:223,58
DA:225,58
DA:226,12
DA:227,12
DA:228,11
DA:229,11
DA:232,57
DA:233,57
DA:236,16
DA:240,16
DA:243,16
DA:244,16
DA:259,171
DA:260,16
DA:262,16
DA:265,16
DA:266,16
DA:268,0
DA:271,16
DA:274,17
DA:276,16
DA:278,16
DA:279,66
DA:280,57
DA:281,57
DA:283,57
DA:284,57
DA:285,57
DA:286,57
DA:287,57
DA:288,57
DA:290,57
DA:291,75
DA:292,75
DA:293,75
DA:295,75
DA:296,55
DA:297,55
DA:298,53
DA:299,53
DA:300,53
DA:301,53
DA:302,51
DA:307,55
DA:310,20
DA:311,20
DA:312,10
DA:317,16
LF:167
LH:138
BRDA:17,0,0,20
BRDA:17,0,1,57
BRDA:18,1,0,0
BRDA:18,1,1,57
BRDA:18,2,0,57
BRDA:18,2,1,57
BRDA:19,3,0,3
BRDA:19,3,1,54
BRDA:24,4,0,80
BRDA:24,4,1,0
BRDA:24,5,0,80
BRDA:24,5,1,80
BRDA:29,6,0,0
BRDA:29,6,1,154
BRDA:29,7,0,154
BRDA:29,7,1,154
BRDA:31,8,0,145
BRDA:31,8,1,9
BRDA:31,9,0,154
BRDA:31,9,1,145
BRDA:40,10,0,2
BRDA:40,10,1,152
BRDA:52,11,0,3
BRDA:52,11,1,0
BRDA:52,12,0,3
BRDA:52,12,1,3
BRDA:53,13,0,0
BRDA:53,13,1,0
BRDA:53,13,2,0
BRDA:57,14,0,52
BRDA:57,14,1,0
BRDA:57,15,0,52
BRDA:57,15,1,52
BRDA:57,15,2,52
BRDA:60,16,0,0
BRDA:60,16,1,52
BRDA:60,17,0,52
BRDA:60,17,1,52
BRDA:61,18,0,0
BRDA:61,18,1,52
BRDA:61,19,0,52
BRDA:61,19,1,0
BRDA:61,19,2,0
BRDA:61,19,3,0
BRDA:72,20,0,28
BRDA:72,20,1,57
BRDA:77,21,0,54
BRDA:77,21,1,3
BRDA:78,22,0,0
BRDA:78,22,1,3
BRDA:81,23,0,3
BRDA:81,23,1,0
BRDA:86,24,0,10
BRDA:86,24,1,0
BRDA:86,25,0,10
BRDA:86,25,1,10
BRDA:87,26,0,10
BRDA:87,26,1,0
BRDA:88,27,0,7
BRDA:88,27,1,3
BRDA:90,28,0,3
BRDA:90,28,1,0
BRDA:97,29,0,0
BRDA:97,29,1,0
BRDA:100,30,0,0
BRDA:100,30,1,0
BRDA:100,31,0,0
BRDA:100,31,1,0
BRDA:105,32,0,0
BRDA:105,32,1,0
BRDA:107,33,0,0
BRDA:107,33,1,0
BRDA:116,34,0,12
BRDA:116,34,1,0
BRDA:116,35,0,12
BRDA:116,35,1,12
BRDA:119,36,0,10
BRDA:119,36,1,2
BRDA:119,37,0,12
BRDA:119,37,1,10
BRDA:125,38,0,12
BRDA:125,38,1,0
BRDA:125,39,0,12
BRDA:125,39,1,12
BRDA:128,40,0,10
BRDA:128,40,1,2
BRDA:128,41,0,12
BRDA:128,41,1,10
BRDA:135,42,0,0
BRDA:135,42,1,0
BRDA:135,43,0,0
BRDA:135,43,1,0
BRDA:138,44,0,0
BRDA:138,44,1,0
BRDA:140,45,0,0
BRDA:140,45,1,0
BRDA:143,46,0,0
BRDA:143,46,1,0
BRDA:145,47,0,0
BRDA:145,47,1,0
BRDA:155,48,0,36
BRDA:155,48,1,16
BRDA:157,49,0,12
BRDA:157,49,1,24
BRDA:160,50,0,0
BRDA:160,50,1,16
BRDA:162,51,0,0
BRDA:162,51,1,0
BRDA:169,52,0,21
BRDA:169,52,1,0
BRDA:169,53,0,21
BRDA:169,53,1,21
BRDA:169,53,2,21
BRDA:172,54,0,21
BRDA:172,54,1,0
BRDA:175,55,0,1
BRDA:175,55,1,20
BRDA:178,56,0,3
BRDA:178,56,1,17
BRDA:178,57,0,20
BRDA:178,57,1,3
BRDA:184,58,0,72
BRDA:184,58,1,42
BRDA:184,59,0,114
BRDA:184,59,1,42
BRDA:186,60,0,63
BRDA:186,60,1,0
BRDA:186,61,0,63
BRDA:186,61,1,63
BRDA:189,62,0,21
BRDA:189,62,1,42
BRDA:199,63,0,6
BRDA:199,63,1,6
BRDA:201,64,0,0
BRDA:201,64,1,6
BRDA:206,65,0,2
BRDA:206,65,1,10
BRDA:206,66,0,12
BRDA:206,66,1,11
BRDA:215,67,0,58
BRDA:215,67,1,3
BRDA:217,68,0,0
BRDA:217,68,1,58
BRDA:218,69,0,58
BRDA:218,69,1,58
BRDA:218,69,2,41
BRDA:220,70,0,3
BRDA:220,70,1,58
BRDA:225,71,0,12
BRDA:225,71,1,46
BRDA:227,72,0,1
BRDA:227,72,1,11
BRDA:232,73,0,37
BRDA:232,73,1,20
BRDA:240,74,0,16
BRDA:240,74,1,0
BRDA:240,75,0,16
BRDA:240,75,1,16
BRDA:240,75,2,16
BRDA:243,76,0,16
BRDA:243,76,1,0
BRDA:245,77,0,1
BRDA:245,77,1,15
BRDA:246,78,0,1
BRDA:246,78,1,15
BRDA:247,79,0,8
BRDA:247,79,1,8
BRDA:248,80,0,16
BRDA:248,80,1,0
BRDA:248,81,0,16
BRDA:248,81,1,16
BRDA:249,82,0,5
BRDA:249,82,1,11
BRDA:250,83,0,2
BRDA:250,83,1,14
BRDA:260,84,0,0
BRDA:260,84,1,16
BRDA:260,85,0,16
BRDA:260,85,1,16
BRDA:271,86,0,16
BRDA:271,86,1,0
BRDA:271,87,0,16
BRDA:271,87,1,16
BRDA:271,87,2,16
BRDA:279,88,0,9
BRDA:279,88,1,57
BRDA:281,89,0,0
BRDA:281,89,1,57
BRDA:281,90,0,57
BRDA:281,90,1,57
BRDA:284,91,0,0
BRDA:284,91,1,57
BRDA:286,92,0,0
BRDA:286,92,1,57
BRDA:286,93,0,57
BRDA:286,93,1,57
BRDA:288,94,0,0
BRDA:288,94,1,57
BRDA:288,95,0,57
BRDA:288,95,1,57
BRDA:292,96,0,0
BRDA:292,96,1,75
BRDA:292,97,0,75
BRDA:292,97,1,75
BRDA:295,98,0,55
BRDA:295,98,1,20
BRDA:295,99,0,75
BRDA:295,99,1,55
BRDA:297,100,0,2
BRDA:297,100,1,53
BRDA:299,101,0,0
BRDA:299,101,1,53
BRDA:299,102,0,53
BRDA:299,102,1,53
BRDA:301,103,0,2
BRDA:301,103,1,51
BRDA:301,104,0,53
BRDA:301,104,1,51
BRDA:311,105,0,10
BRDA:311,105,1,10
BRDA:311,106,0,20
BRDA:311,106,1,10
BRF:222
BRH:161
end_of_record
TN:
SF:functions\apq-status-endpoint-check.js
FN:1,(anonymous_0)
FNF:1
FNH:1
FNDA:2,(anonymous_0)
DA:1,171
DA:2,2
DA:4,2
DA:5,0
DA:9,2
DA:10,2
DA:13,2
DA:14,2
DA:18,2
DA:21,0
DA:24,0
DA:25,0
DA:31,0
LF:13
LH:8
BRDA:1,0,0,0
BRDA:4,1,0,0
BRDA:4,1,1,2
BRDA:4,2,0,2
BRDA:4,2,1,2
BRDA:9,3,0,2
BRDA:9,3,1,0
BRDA:10,4,0,2
BRDA:10,4,1,0
BRDA:13,5,0,2
BRDA:13,5,1,0
BRDA:24,6,0,0
BRDA:24,6,1,0
BRF:13
BRH:6
end_of_record
TN:
SF:functions\apq-string-parameter-integrity.js
FN:3,isStringType
FN:12,(anonymous_1)
FN:26,(anonymous_2)
FN:28,(anonymous_3)
FNF:4
FNH:4
FNDA:169,isStringType
FNDA:177,(anonymous_1)
FNDA:429,(anonymous_2)
FNDA:317,(anonymous_3)
DA:1,171
DA:4,169
DA:12,171
DA:13,177
DA:15,177
DA:16,177
DA:17,177
DA:18,177
DA:19,177
DA:21,169
DA:23,121
DA:26,429
DA:28,121
DA:29,317
DA:30,67
DA:32,121
DA:34,54
LF:17
LH:17
BRDA:4,0,0,169
BRDA:4,0,1,96
BRDA:4,0,2,59
BRDA:13,1,0,0
BRDA:13,1,1,177
BRDA:13,2,0,177
BRDA:13,2,1,177
BRDA:17,3,0,38
BRDA:17,3,1,139
BRDA:17,4,0,177
BRDA:17,4,1,142
BRDA:18,5,0,38
BRDA:18,5,1,139
BRDA:18,6,0,177
BRDA:18,6,1,142
BRDA:19,7,0,8
BRDA:19,7,1,169
BRDA:19,8,0,177
BRDA:19,8,1,169
BRDA:21,9,0,48
BRDA:21,9,1,121
BRDA:23,10,0,121
BRDA:23,10,1,0
BRDA:23,11,0,121
BRDA:23,11,1,121
BRDA:23,11,2,121
BRDA:29,12,0,250
BRDA:29,12,1,67
BRDA:30,13,0,67
BRDA:30,13,1,67
BRDA:32,14,0,67
BRDA:32,14,1,54
BRF:32
BRH:30
end_of_record
TN:
SF:functions\apq-total-param-default-value.js
FN:11,(anonymous_0)
FNF:1
FNH:1
FNDA:20,(anonymous_0)
DA:11,171
DA:12,20
DA:14,20
DA:15,20
DA:17,20
DA:19,20
DA:21,10
DA:25,10
LF:8
LH:8
BRDA:12,0,0,0
BRDA:12,0,1,20
BRDA:12,1,0,20
BRDA:12,1,1,20
BRDA:14,2,0,20
BRDA:14,2,1,0
BRDA:17,3,0,6
BRDA:17,3,1,14
BRDA:17,4,0,14
BRDA:17,4,1,14
BRDA:19,5,0,10
BRDA:19,5,1,10
BRDA:19,6,0,20
BRDA:19,6,1,16
BRDA:21,7,0,3
BRDA:21,7,1,7
BRF:16
BRH:14
end_of_record
TN:
SF:functions\apq-truthy-insensitive.js
FN:8,(anonymous_0)
FN:11,(anonymous_1)
FNF:2
FNH:0
FNDA:0,(anonymous_0)
FNDA:0,(anonymous_1)
DA:8,0
DA:9,0
DA:11,0
DA:12,0
DA:17,0
LF:5
LH:0
BRDA:11,0,0,0
BRDA:11,0,1,0
BRDA:11,1,0,0
BRDA:11,1,1,0
BRF:4
BRH:0
end_of_record
TN:
SF:functions\apq-undefined-response-media-type.js
FN:9,hasMediaTypes
FN:13,(anonymous_1)
FNF:2
FNH:2
FNDA:23,hasMediaTypes
FNDA:118,(anonymous_1)
DA:7,171
DA:10,23
DA:13,171
DA:14,118
DA:15,118
DA:17,118
DA:19,118
DA:20,32
DA:22,14
DA:23,14
DA:25,14
DA:26,6
DA:32,14
DA:35,86
DA:37,55
DA:38,55
DA:39,22
DA:45,55
LF:18
LH:18
BRDA:10,0,0,23
BRDA:10,0,1,9
BRDA:15,1,0,0
BRDA:15,1,1,118
BRDA:19,2,0,32
BRDA:19,2,1,86
BRDA:20,3,0,18
BRDA:20,3,1,14
BRDA:23,4,0,0
BRDA:23,4,1,14
BRDA:25,5,0,6
BRDA:25,5,1,8
BRDA:25,6,0,14
BRDA:25,6,1,9
BRDA:35,7,0,31
BRDA:35,7,1,55
BRDA:37,8,0,34
BRDA:37,8,1,21
BRDA:38,9,0,22
BRDA:38,9,1,33
BRF:20
BRH:18
end_of_record
TN:
SF:functions\apq-url-naming-convention.js
FN:11,stripParams
FN:15,extractUrlPath
FN:20,isValid
FN:37,(anonymous_3)
FNF:4
FNH:4
FNDA:60,stripParams
FNDA:60,extractUrlPath
FNDA:60,isValid
FNDA:60,(anonymous_3)
DA:1,171
DA:8,171
DA:9,171
DA:12,60
DA:16,60
DA:17,60
DA:21,60
DA:22,60
DA:23,3
DA:24,3
DA:25,3
DA:27,57
DA:28,57
DA:37,171
DA:38,60
DA:39,0
DA:42,60
DA:43,60
DA:44,0
DA:47,60
DA:49,60
DA:50,36
DA:58,24
LF:23
LH:21
BRDA:12,0,0,60
BRDA:12,0,1,0
BRDA:17,1,0,11
BRDA:17,1,1,49
BRDA:22,2,0,3
BRDA:22,2,1,57
BRDA:22,3,0,60
BRDA:22,3,1,59
BRDA:24,4,0,0
BRDA:24,4,1,3
BRDA:24,5,0,3
BRDA:24,5,1,3
BRDA:27,6,0,40
BRDA:27,6,1,17
BRDA:38,7,0,0
BRDA:38,7,1,60
BRDA:42,8,0,60
BRDA:42,8,1,60
BRDA:42,8,2,0
BRDA:43,9,0,0
BRDA:43,9,1,60
BRDA:49,10,0,36
BRDA:49,10,1,24
BRF:23
BRH:18
end_of_record
TN:
SF:functions\apq-valid-openapi-version.js
FN:7,(anonymous_0)
FN:10,(anonymous_1)
FNF:2
FNH:2
FNDA:14,(anonymous_0)
FNDA:130,(anonymous_1)
DA:1,171
DA:7,171
DA:8,14
DA:9,14
DA:10,130
DA:13,14
DA:14,4
LF:7
LH:7
BRDA:8,0,0,14
BRDA:8,0,1,14
BRDA:8,0,2,0
BRDA:9,1,0,0
BRDA:9,1,1,14
BRDA:13,2,0,4
BRDA:13,2,1,10
BRF:7
BRH:5
end_of_record
TN:
SF:functions\apq-valid-response-schema.js
FN:6,(anonymous_0)
FNF:1
FNH:1
FNDA:32,(anonymous_0)
DA:6,171
DA:7,32
DA:8,32
DA:9,32
DA:11,32
DA:12,0
DA:15,32
DA:16,32
DA:17,32
DA:18,5
DA:21,27
DA:22,37
DA:23,24
DA:28,13
DA:29,13
DA:30,13
DA:31,3
DA:39,27
LF:18
LH:17
BRDA:8,0,0,32
BRDA:8,0,1,32
BRDA:8,0,2,0
BRDA:11,1,0,0
BRDA:11,1,1,32
BRDA:11,2,0,32
BRDA:11,2,1,32
BRDA:15,3,0,32
BRDA:15,3,1,0
BRDA:17,4,0,5
BRDA:17,4,1,27
BRDA:17,5,0,32
BRDA:17,5,1,32
BRDA:22,6,0,24
BRDA:22,6,1,13
BRDA:28,7,0,13
BRDA:28,7,1,13
BRDA:29,8,0,13
BRDA:29,8,1,10
BRDA:30,9,0,3
BRDA:30,9,1,10
BRF:21
BRH:18
end_of_record
TN:
SF:functions\apq-validate-structure.js
FN:6,(anonymous_0)
FN:24,(anonymous_1)
FN:32,(anonymous_2)
FNF:3
FNH:3
FNDA:14,(anonymous_0)
FNDA:9,(anonymous_1)
FNDA:7,(anonymous_2)
DA:6,171
DA:7,14
DA:9,14
DA:10,14
DA:12,14
DA:13,14
DA:14,14
DA:16,14
DA:18,14
DA:19,14
DA:21,14
DA:22,8
DA:23,2
DA:24,9
DA:29,12
DA:30,6
DA:31,1
DA:32,7
DA:37,11
LF:19
LH:19
BRDA:7,0,0,0
BRDA:7,0,1,14
BRDA:7,1,0,14
BRDA:7,1,1,14
BRDA:9,2,0,14
BRDA:9,2,1,0
BRDA:14,3,0,2
BRDA:14,3,1,12
BRDA:18,4,0,14
BRDA:18,4,1,0
BRDA:21,5,0,8
BRDA:21,5,1,6
BRDA:22,6,0,2
BRDA:22,6,1,6
BRDA:29,7,0,6
BRDA:29,7,1,6
BRDA:30,8,0,1
BRDA:30,8,1,5
BRF:18
BRH:15
end_of_record
TN:
SF:functions\apq-wso2-scope-defined.js
FN:11,(anonymous_0)
FN:13,documentVersion
FN:23,surfaceFor
FN:34,decodePointerSegment
FN:38,resolvePointer
FN:60,resolveRef
FN:74,collectScopeNames
FN:84,(anonymous_7)
FN:88,(anonymous_8)
FN:98,collectOperations
FN:101,(anonymous_10)
FN:105,(anonymous_11)
FN:108,(anonymous_12)
FN:112,(anonymous_13)
FN:120,(anonymous_14)
FN:122,(anonymous_15)
FN:128,(anonymous_16)
FN:135,(anonymous_17)
FN:142,(anonymous_18)
FN:150,(anonymous_19)
FN:153,(anonymous_20)
FN:160,(anonymous_21)
FN:165,(anonymous_22)
FN:174,unwrapAnchor
FN:182,astNodeAt
FN:211,wasWrittenWithNoValue
FN:218,issuePrefix
FN:224,tokenText
FN:230,firstChildPath
FN:245,(anonymous_29)
FN:254,(anonymous_30)
FNF:31
FNH:31
FNDA:2208,(anonymous_0)
FNDA:72,documentVersion
FNDA:72,surfaceFor
FNDA:24,decodePointerSegment
FNDA:12,resolvePointer
FNDA:188,resolveRef
FNDA:72,collectScopeNames
FNDA:6,(anonymous_7)
FNDA:124,(anonymous_8)
FNDA:72,collectOperations
FNDA:305,(anonymous_10)
FNDA:305,(anonymous_11)
FNDA:6,(anonymous_12)
FNDA:6,(anonymous_13)
FNDA:161,(anonymous_14)
FNDA:1292,(anonymous_15)
FNDA:2,(anonymous_16)
FNDA:145,(anonymous_17)
FNDA:3,(anonymous_18)
FNDA:3,(anonymous_19)
FNDA:3,(anonymous_20)
FNDA:2,(anonymous_21)
FNDA:2,(anonymous_22)
FNDA:30,unwrapAnchor
FNDA:6,astNodeAt
FNDA:6,wasWrittenWithNoValue
FNDA:72,issuePrefix
FNDA:288,tokenText
FNDA:140,firstChildPath
FNDA:72,(anonymous_29)
FNDA:305,(anonymous_30)
DA:1,171
DA:3,171
DA:4,171
DA:5,171
DA:7,171
DA:8,171
DA:9,171
DA:11,2208
DA:14,72
DA:15,60
DA:16,60
DA:17,60
DA:18,51
DA:20,43
DA:24,72
DA:35,24
DA:39,12
DA:40,12
DA:41,12
DA:42,12
DA:43,12
DA:44,12
DA:45,12
DA:46,24
DA:47,24
DA:48,0
DA:49,0
DA:50,0
DA:51,24
DA:52,23
DA:54,1
DA:57,11
DA:61,188
DA:62,188
DA:63,188
DA:64,13
DA:65,13
DA:66,12
DA:67,12
DA:68,12
DA:69,11
DA:71,186
DA:75,72
DA:76,72
DA:77,72
DA:78,72
DA:79,62
DA:80,62
DA:81,60
DA:82,60
DA:83,60
DA:84,6
DA:85,54
DA:86,53
DA:88,60
DA:89,124
DA:90,124
DA:91,122
DA:92,122
DA:93,119
DA:95,60
DA:99,72
DA:101,72
DA:102,305
DA:105,72
DA:106,305
DA:107,305
DA:108,6
DA:109,6
DA:110,6
DA:111,6
DA:112,6
DA:113,6
DA:115,6
DA:120,72
DA:121,161
DA:122,161
DA:123,1292
DA:124,303
DA:127,161
DA:128,2
DA:129,2
DA:134,72
DA:135,72
DA:136,145
DA:137,145
DA:141,72
DA:142,3
DA:143,3
DA:147,72
DA:148,5
DA:149,5
DA:150,3
DA:151,3
DA:152,3
DA:153,3
DA:154,3
DA:155,3
DA:159,5
DA:160,2
DA:161,2
DA:164,5
DA:165,2
DA:166,2
DA:171,72
DA:175,30
DA:176,30
DA:177,0
DA:179,30
DA:183,6
DA:184,6
DA:185,24
DA:186,24
DA:187,24
DA:188,24
DA:189,24
DA:190,24
DA:191,48
DA:192,48
DA:193,24
DA:194,24
DA:197,24
DA:198,24
DA:199,0
DA:200,0
DA:201,0
DA:202,0
DA:203,0
DA:205,0
DA:208,6
DA:212,6
DA:213,6
DA:214,6
DA:215,6
DA:219,72
DA:220,72
DA:221,72
DA:225,288
DA:226,285
DA:227,282
DA:231,140
DA:232,138
DA:233,3
DA:234,3
DA:236,136
DA:245,171
DA:246,72
DA:248,72
DA:249,72
DA:250,72
DA:251,72
DA:252,72
DA:254,72
DA:255,305
DA:256,294
DA:257,294
DA:259,294
DA:260,6
DA:261,5
DA:262,5
DA:265,288
DA:266,140
DA:270,72
LF:163
LH:153
BRDA:11,0,0,2208
BRDA:11,0,1,2206
BRDA:11,0,2,1425
BRDA:14,1,0,12
BRDA:14,1,1,60
BRDA:16,2,0,60
BRDA:16,2,1,0
BRDA:17,3,0,9
BRDA:17,3,1,51
BRDA:18,4,0,8
BRDA:18,4,1,43
BRDA:25,5,0,9
BRDA:25,5,1,63
BRDA:25,6,0,12
BRDA:25,6,1,51
BRDA:28,7,0,72
BRDA:28,7,1,64
BRDA:29,8,0,72
BRDA:29,8,1,64
BRDA:39,9,0,0
BRDA:39,9,1,12
BRDA:39,10,0,12
BRDA:39,10,1,12
BRDA:41,11,0,0
BRDA:41,11,1,12
BRDA:42,12,0,0
BRDA:42,12,1,12
BRDA:47,13,0,0
BRDA:47,13,1,24
BRDA:49,14,0,0
BRDA:49,14,1,0
BRDA:49,15,0,0
BRDA:49,15,1,0
BRDA:49,15,2,0
BRDA:51,16,0,23
BRDA:51,16,1,1
BRDA:51,17,0,24
BRDA:51,17,1,24
BRDA:63,18,0,199
BRDA:63,18,1,195
BRDA:65,19,0,1
BRDA:65,19,1,12
BRDA:68,20,0,1
BRDA:68,20,1,11
BRDA:77,21,0,64
BRDA:77,21,1,8
BRDA:78,22,0,10
BRDA:78,22,1,62
BRDA:80,23,0,2
BRDA:80,23,1,60
BRDA:83,24,0,6
BRDA:83,24,1,54
BRDA:85,25,0,53
BRDA:85,25,1,1
BRDA:90,26,0,2
BRDA:90,26,1,122
BRDA:92,27,0,3
BRDA:92,27,1,119
BRDA:92,28,0,122
BRDA:92,28,1,120
BRDA:102,29,0,305
BRDA:102,29,1,0
BRDA:107,30,0,299
BRDA:107,30,1,6
BRDA:107,31,0,305
BRDA:107,31,1,252
BRDA:107,31,2,252
BRDA:109,32,0,0
BRDA:109,32,1,6
BRDA:111,33,0,0
BRDA:111,33,1,6
BRDA:113,34,0,0
BRDA:113,34,1,6
BRDA:121,35,0,0
BRDA:121,35,1,161
BRDA:123,36,0,303
BRDA:123,36,1,989
BRDA:127,37,0,2
BRDA:127,37,1,159
BRDA:127,38,0,161
BRDA:127,38,1,31
BRDA:134,39,0,72
BRDA:134,39,1,0
BRDA:136,40,0,0
BRDA:136,40,1,145
BRDA:141,41,0,3
BRDA:141,41,1,69
BRDA:141,42,0,72
BRDA:141,42,1,17
BRDA:147,43,0,5
BRDA:147,43,1,67
BRDA:147,44,0,72
BRDA:147,44,1,60
BRDA:149,45,0,3
BRDA:149,45,1,2
BRDA:149,46,0,5
BRDA:149,46,1,5
BRDA:152,47,0,0
BRDA:152,47,1,3
BRDA:154,48,0,0
BRDA:154,48,1,3
BRDA:159,49,0,2
BRDA:159,49,1,3
BRDA:159,50,0,5
BRDA:159,50,1,4
BRDA:164,51,0,2
BRDA:164,51,1,3
BRDA:164,52,0,5
BRDA:164,52,1,4
BRDA:176,53,0,30
BRDA:176,53,1,29
BRDA:185,54,0,0
BRDA:185,54,1,24
BRDA:187,55,0,24
BRDA:187,55,1,0
BRDA:188,56,0,24
BRDA:188,56,1,0
BRDA:192,57,0,24
BRDA:192,57,1,24
BRDA:192,58,0,48
BRDA:192,58,1,48
BRDA:197,59,0,0
BRDA:197,59,1,24
BRDA:199,60,0,0
BRDA:199,60,1,0
BRDA:201,61,0,0
BRDA:201,61,1,0
BRDA:202,62,0,0
BRDA:202,62,1,0
BRDA:202,63,0,0
BRDA:202,63,1,0
BRDA:202,63,2,0
BRDA:212,64,0,6
BRDA:212,64,1,6
BRDA:212,64,2,6
BRDA:213,65,0,6
BRDA:213,65,1,6
BRDA:214,66,0,0
BRDA:214,66,1,6
BRDA:214,67,0,6
BRDA:214,67,1,6
BRDA:219,68,0,72
BRDA:219,68,1,72
BRDA:219,68,2,72
BRDA:219,68,3,0
BRDA:220,69,0,0
BRDA:220,69,1,72
BRDA:221,70,0,72
BRDA:221,70,1,0
BRDA:225,71,0,3
BRDA:225,71,1,285
BRDA:226,72,0,3
BRDA:226,72,1,282
BRDA:231,73,0,2
BRDA:231,73,1,138
BRDA:231,74,0,140
BRDA:231,74,1,3
BRDA:232,75,0,3
BRDA:232,75,1,135
BRDA:234,76,0,2
BRDA:234,76,1,1
BRDA:246,77,0,0
BRDA:246,77,1,72
BRDA:255,78,0,11
BRDA:255,78,1,294
BRDA:259,79,0,6
BRDA:259,79,1,288
BRDA:260,80,0,1
BRDA:260,80,1,5
BRDA:265,81,0,140
BRDA:265,81,1,148
BRF:171
BRH:134
end_of_record
TN:
SF:functions\apq-wso2-scopes-valid.js
FN:10,(anonymous_0)
FN:14,(anonymous_1)
FN:20,(anonymous_2)
FN:30,(anonymous_3)
FN:31,(anonymous_4)
FN:38,(anonymous_5)
FN:42,(anonymous_6)
FN:48,(anonymous_7)
FNF:8
FNH:8
FNDA:175,(anonymous_0)
FNDA:447,(anonymous_1)
FNDA:23,(anonymous_2)
FNDA:173,(anonymous_3)
FNDA:5,(anonymous_4)
FNDA:178,(anonymous_5)
FNDA:39,(anonymous_6)
FNDA:495,(anonymous_7)
DA:6,171
DA:7,171
DA:8,171
DA:10,175
DA:14,171
DA:15,447
DA:20,171
DA:21,23
DA:22,23
DA:24,23
DA:25,6
DA:26,6
DA:29,17
DA:30,173
DA:31,5
DA:33,17
DA:34,3
DA:35,3
DA:38,14
DA:39,178
DA:41,178
DA:42,13
DA:43,39
DA:45,13
DA:48,165
DA:49,495
DA:50,48
DA:51,447
DA:52,88
DA:57,14
LF:30
LH:30
BRDA:15,0,0,447
BRDA:15,0,1,396
BRDA:15,0,2,355
BRDA:15,0,3,383
BRDA:15,0,4,21
BRDA:15,0,5,371
BRDA:15,0,6,21
BRDA:15,0,7,12
BRDA:22,1,0,23
BRDA:22,1,1,0
BRDA:24,2,0,6
BRDA:24,2,1,17
BRDA:24,3,0,23
BRDA:24,3,1,18
BRDA:29,4,0,15
BRDA:29,4,1,2
BRDA:33,5,0,3
BRDA:33,5,1,14
BRDA:41,6,0,13
BRDA:41,6,1,165
BRDA:41,7,0,178
BRDA:41,7,1,173
BRDA:41,7,2,169
BRDA:49,8,0,48
BRDA:49,8,1,447
BRDA:51,9,0,88
BRDA:51,9,1,359
BRF:27
BRH:26
end_of_record
