TN:
SF:functions\apq-alternate-paths.js
FN:2,(anonymous_0)
FN:6,(anonymous_1)
FN:11,(anonymous_2)
FNF:3
FNH:3
FNDA:8,(anonymous_0)
FNDA:3,(anonymous_1)
FNDA:8,(anonymous_2)
DA:2,73
DA:3,8
DA:6,73
DA:7,3
DA:8,3
DA:9,3
DA:11,8
DA:12,3
DA:13,3
DA:14,3
DA:15,0
DA:20,3
DA:21,5
DA:22,0
DA:23,0
DA:26,5
DA:27,5
DA:28,1
DA:32,4
DA:35,2
LF:20
LH:17
BRDA:3,0,0,8
BRDA:3,0,1,4
BRDA:8,1,0,3
BRDA:8,1,1,0
BRDA:9,2,0,0
BRDA:9,2,1,3
BRDA:12,3,0,0
BRDA:12,3,1,3
BRDA:14,4,0,0
BRDA:14,4,1,3
BRDA:21,5,0,0
BRDA:21,5,1,5
BRDA:21,6,0,5
BRDA:21,6,1,5
BRDA:27,7,0,1
BRDA:27,7,1,4
BRF:16
BRH:11
end_of_record
TN:
SF:functions\apq-at-most-one-body-parameter.js
FN:6,(anonymous_0)
FN:11,(anonymous_1)
FNF:2
FNH:2
FNDA:5,(anonymous_0)
FNDA:12,(anonymous_1)
DA:6,73
DA:7,5
DA:8,0
DA:11,5
DA:12,12
DA:15,5
DA:16,2
DA:23,3
LF:8
LH:7
BRDA:7,0,0,0
BRDA:7,0,1,5
BRDA:7,1,0,5
BRDA:7,1,1,5
BRDA:7,1,2,5
BRDA:12,2,0,12
BRDA:12,2,1,12
BRDA:12,2,2,12
BRDA:15,3,0,2
BRDA:15,3,1,3
BRF:10
BRH:9
end_of_record
TN:
SF:functions\apq-binary-format-check.js
FN:1,(anonymous_0)
FN:11,(anonymous_1)
FN:15,(anonymous_2)
FNF:3
FNH:3
FNDA:2,(anonymous_0)
FNDA:6,(anonymous_1)
FNDA:6,(anonymous_2)
DA:1,73
DA:2,2
DA:4,2
DA:5,0
DA:9,2
DA:11,6
DA:13,2
DA:15,2
DA:17,6
DA:18,3
DA:22,3
DA:23,0
DA:27,3
DA:28,3
DA:29,1
DA:38,2
LF:16
LH:14
BRDA:1,0,0,0
BRDA:4,1,0,0
BRDA:4,1,1,2
BRDA:4,2,0,2
BRDA:4,2,1,2
BRDA:9,3,0,2
BRDA:9,3,1,0
BRDA:13,4,0,2
BRDA:13,4,1,0
BRDA:17,5,0,3
BRDA:17,5,1,3
BRDA:22,6,0,0
BRDA:22,6,1,3
BRDA:27,7,0,3
BRDA:27,7,1,1
BRDA:28,8,0,1
BRDA:28,8,1,2
BRDA:28,9,0,3
BRDA:28,9,1,2
BRDA:28,9,2,1
BRDA:32,10,0,1
BRDA:32,10,1,0
BRF:22
BRH:16
end_of_record
TN:
SF:functions\apq-check-ambiguous-path.js
FN:8,(anonymous_0)
FN:25,(anonymous_1)
FN:32,(anonymous_2)
FNF:3
FNH:0
FNDA:0,(anonymous_0)
FNDA:0,(anonymous_1)
FNDA:0,(anonymous_2)
DA:8,73
DA:9,0
DA:11,0
DA:12,0
DA:16,0
DA:21,0
DA:22,0
DA:23,0
DA:25,0
DA:30,0
DA:34,0
DA:38,0
DA:39,0
DA:40,0
DA:41,0
DA:42,0
DA:46,0
DA:51,0
LF:18
LH:1
BRDA:11,0,0,0
BRDA:11,0,1,0
BRDA:22,1,0,0
BRDA:22,1,1,0
BRDA:22,2,0,0
BRDA:22,2,1,0
BRDA:34,3,0,0
BRDA:34,3,1,0
BRDA:41,4,0,0
BRDA:41,4,1,0
BRDA:43,5,0,0
BRDA:43,5,1,0
BRF:12
BRH:0
end_of_record
TN:
SF:functions\apq-check-examples-coverage.js
FN:6,(anonymous_0)
FN:9,(anonymous_1)
FN:15,(anonymous_2)
FN:29,(anonymous_3)
FN:35,(anonymous_4)
FN:43,(anonymous_5)
FN:47,(anonymous_6)
FN:51,(anonymous_7)
FNF:8
FNH:5
FNDA:22,(anonymous_0)
FNDA:32,(anonymous_1)
FNDA:10,(anonymous_2)
FNDA:34,(anonymous_3)
FNDA:14,(anonymous_4)
FNDA:0,(anonymous_5)
FNDA:0,(anonymous_6)
FNDA:0,(anonymous_7)
DA:6,73
DA:7,22
DA:9,22
DA:10,32
DA:12,32
DA:14,28
DA:15,10
DA:18,18
DA:19,17
DA:22,1
DA:23,1
DA:26,0
DA:29,22
DA:30,34
DA:32,34
DA:34,27
DA:35,14
DA:38,16
DA:39,2
DA:42,14
DA:43,0
DA:46,14
DA:47,0
DA:50,14
DA:51,0
DA:54,14
DA:57,22
DA:58,11
DA:65,11
LF:29
LH:25
BRDA:7,0,0,0
BRDA:7,0,1,22
BRDA:7,1,0,22
BRDA:7,1,1,22
BRDA:10,2,0,0
BRDA:10,2,1,32
BRDA:10,3,0,32
BRDA:10,3,1,32
BRDA:12,4,0,4
BRDA:12,4,1,28
BRDA:12,5,0,32
BRDA:12,5,1,30
BRDA:14,6,0,10
BRDA:14,6,1,18
BRDA:14,7,0,28
BRDA:14,7,1,10
BRDA:18,8,0,17
BRDA:18,8,1,1
BRDA:22,9,0,1
BRDA:22,9,1,0
BRDA:22,10,0,1
BRDA:22,10,1,1
BRDA:22,10,2,1
BRDA:30,11,0,0
BRDA:30,11,1,34
BRDA:30,12,0,34
BRDA:30,12,1,34
BRDA:32,13,0,7
BRDA:32,13,1,27
BRDA:32,14,0,34
BRDA:32,14,1,27
BRDA:34,15,0,11
BRDA:34,15,1,16
BRDA:34,16,0,27
BRDA:34,16,1,11
BRDA:38,17,0,2
BRDA:38,17,1,14
BRDA:42,18,0,0
BRDA:42,18,1,14
BRDA:42,19,0,14
BRDA:42,19,1,0
BRDA:46,20,0,0
BRDA:46,20,1,14
BRDA:46,21,0,14
BRDA:46,21,1,0
BRDA:50,22,0,0
BRDA:50,22,1,14
BRDA:50,23,0,14
BRDA:50,23,1,0
BRDA:57,24,0,11
BRDA:57,24,1,11
BRF:51
BRH:41
end_of_record
TN:
SF:functions\apq-compare-insensitive.js
FN:12,(anonymous_0)
FN:56,calculateSimilarity
FN:65,(anonymous_2)
FN:83,tokenize
FN:88,(anonymous_4)
FN:89,(anonymous_5)
FN:96,stem
FN:109,levenshteinDistance
FN:112,(anonymous_8)
FNF:9
FNH:9
FNDA:2,(anonymous_0)
FNDA:1,calculateSimilarity
FNDA:3,(anonymous_2)
FNDA:2,tokenize
FNDA:34,(anonymous_4)
FNDA:29,(anonymous_5)
FNDA:29,stem
FNDA:1,levenshteinDistance
FNDA:135,(anonymous_8)
DA:12,73
DA:13,2
DA:14,2
DA:15,0
DA:18,2
DA:19,2
DA:21,2
DA:22,0
DA:25,2
DA:26,0
DA:29,2
DA:32,2
DA:33,1
DA:37,1
DA:41,1
DA:42,1
DA:43,0
DA:49,1
DA:57,1
DA:58,1
DA:60,1
DA:61,0
DA:65,3
DA:66,1
DA:67,1
DA:70,1
DA:71,1
DA:72,1
DA:73,1
DA:74,1
DA:77,1
DA:84,2
DA:88,34
DA:89,29
DA:98,29
DA:110,1
DA:111,1
DA:112,135
DA:114,13
DA:115,135
DA:117,1
DA:118,134
DA:119,1608
DA:120,1608
DA:128,1
LF:45
LH:40
BRDA:14,0,0,0
BRDA:14,0,1,2
BRDA:21,1,0,0
BRDA:21,1,1,2
BRDA:21,2,0,2
BRDA:21,2,1,2
BRDA:25,3,0,0
BRDA:25,3,1,2
BRDA:29,4,0,2
BRDA:29,4,1,0
BRDA:32,5,0,1
BRDA:32,5,1,1
BRDA:42,6,0,0
BRDA:42,6,1,1
BRDA:60,7,0,0
BRDA:60,7,1,1
BRDA:60,8,0,1
BRDA:60,8,1,1
BRDA:74,9,0,0
BRDA:74,9,1,1
BRDA:119,10,0,143
BRDA:119,10,1,1465
BRF:22
BRH:15
end_of_record
TN:
SF:functions\apq-custom-field.js
FN:8,(anonymous_0)
FN:14,(anonymous_1)
FN:17,(anonymous_2)
FN:20,(anonymous_3)
FN:33,(anonymous_4)
FN:45,(anonymous_5)
FN:46,(anonymous_6)
FN:51,(anonymous_7)
FNF:8
FNH:8
FNDA:4,(anonymous_0)
FNDA:12,(anonymous_1)
FNDA:61,(anonymous_2)
FNDA:11,(anonymous_3)
FNDA:8,(anonymous_4)
FNDA:8,(anonymous_5)
FNDA:12,(anonymous_6)
FNDA:21,(anonymous_7)
DA:8,73
DA:9,4
DA:10,4
DA:12,4
DA:14,12
DA:15,4
DA:17,4
DA:18,61
DA:20,4
DA:21,11
DA:26,4
DA:27,0
DA:30,4
DA:32,4
DA:33,8
DA:36,4
DA:37,0
DA:45,8
DA:46,12
DA:48,4
DA:49,4
DA:51,4
DA:52,21
DA:54,19
DA:56,19
DA:58,19
DA:60,17
DA:62,17
DA:64,17
DA:65,11
DA:69,4
LF:31
LH:29
BRDA:9,0,0,4
BRDA:9,0,1,0
BRDA:12,1,0,0
BRDA:12,1,1,4
BRDA:12,2,0,4
BRDA:12,2,1,4
BRDA:12,2,2,4
BRDA:18,3,0,61
BRDA:18,3,1,61
BRDA:18,3,2,61
BRDA:26,4,0,0
BRDA:26,4,1,4
BRDA:33,5,0,8
BRDA:33,5,1,4
BRDA:33,6,0,4
BRDA:33,6,1,0
BRDA:36,7,0,0
BRDA:36,7,1,4
BRDA:51,8,0,4
BRDA:51,8,1,0
BRDA:52,9,0,2
BRDA:52,9,1,19
BRDA:54,10,0,0
BRDA:54,10,1,19
BRDA:54,11,0,19
BRDA:54,11,1,19
BRDA:58,12,0,2
BRDA:58,12,1,17
BRDA:60,13,0,0
BRDA:60,13,1,17
BRDA:60,14,0,17
BRDA:60,14,1,17
BRDA:64,15,0,11
BRDA:64,15,1,6
BRF:34
BRH:26
end_of_record
TN:
SF:functions\apq-custom-schema.js
FN:5,DeepCompare
FN:8,Objects
FN:77,(anonymous_2)
FNF:3
FNH:0
FNDA:0,DeepCompare
FNDA:0,Objects
FNDA:0,(anonymous_2)
DA:13,0
DA:14,0
DA:15,0
DA:16,0
DA:18,0
DA:19,0
DA:23,0
DA:24,0
DA:25,0
DA:26,0
DA:28,0
DA:29,0
DA:30,0
DA:33,0
DA:36,0
DA:37,0
DA:39,0
DA:40,0
DA:43,0
DA:44,0
DA:45,0
DA:48,0
DA:49,0
DA:51,0
DA:55,0
DA:58,0
DA:59,0
DA:60,0
DA:62,0
DA:63,0
DA:67,0
DA:77,73
DA:78,0
DA:79,0
DA:80,0
DA:81,0
DA:83,0
DA:85,0
LF:38
LH:1
BRDA:8,0,0,0
BRDA:14,1,0,0
BRDA:14,1,1,0
BRDA:15,2,0,0
BRDA:15,2,1,0
BRDA:18,3,0,0
BRDA:18,3,1,0
BRDA:24,4,0,0
BRDA:24,4,1,0
BRDA:25,5,0,0
BRDA:25,5,1,0
BRDA:29,6,0,0
BRDA:29,6,1,0
BRDA:33,7,0,0
BRDA:33,7,1,0
BRDA:33,7,2,0
BRDA:39,8,0,0
BRDA:39,8,1,0
BRDA:39,9,0,0
BRDA:39,9,1,0
BRDA:48,10,0,0
BRDA:48,10,1,0
BRDA:62,11,0,0
BRDA:62,11,1,0
BRDA:62,12,0,0
BRDA:62,12,1,0
BRDA:79,13,0,0
BRDA:79,13,1,0
BRDA:80,14,0,0
BRDA:80,14,1,0
BRDA:81,15,0,0
BRDA:81,15,1,0
BRDA:83,16,0,0
BRDA:83,16,1,0
BRF:34
BRH:0
end_of_record
TN:
SF:functions\apq-paged-response-check.js
FN:1,(anonymous_0)
FN:35,(anonymous_1)
FNF:2
FNH:2
FNDA:3,(anonymous_0)
FNDA:3,(anonymous_1)
DA:1,73
DA:2,3
DA:4,3
DA:5,0
DA:9,3
DA:10,3
DA:11,3
DA:12,3
DA:16,0
DA:22,3
DA:23,3
DA:24,3
DA:27,3
DA:28,0
DA:32,3
DA:34,3
DA:35,3
DA:38,3
DA:39,1
DA:44,3
DA:47,0
DA:50,0
DA:51,0
DA:55,0
DA:59,0
DA:60,0
DA:61,0
DA:62,0
DA:66,0
DA:67,0
DA:74,0
DA:75,0
DA:76,0
DA:77,0
DA:78,0
DA:80,0
DA:81,0
DA:82,0
DA:90,0
DA:91,0
DA:99,0
DA:103,73
LF:42
LH:18
BRDA:1,0,0,0
BRDA:4,1,0,0
BRDA:4,1,1,3
BRDA:4,2,0,3
BRDA:4,2,1,3
BRDA:11,3,0,3
BRDA:11,3,1,0
BRDA:12,4,0,3
BRDA:12,4,1,0
BRDA:22,5,0,3
BRDA:22,5,1,0
BRDA:23,6,0,3
BRDA:23,6,1,0
BRDA:24,7,0,3
BRDA:24,7,1,0
BRDA:27,8,0,0
BRDA:27,8,1,3
BRDA:32,9,0,3
BRDA:32,9,1,0
BRDA:34,10,0,3
BRDA:34,10,1,0
BRDA:35,11,0,3
BRDA:35,11,1,3
BRDA:38,12,0,1
BRDA:38,12,1,2
BRDA:50,13,0,0
BRDA:50,13,1,0
BRDA:61,14,0,0
BRDA:61,14,1,0
BRDA:66,15,0,0
BRDA:66,15,1,0
BRDA:74,16,0,0
BRDA:74,16,1,0
BRDA:74,17,0,0
BRDA:74,17,1,0
BRDA:76,18,0,0
BRDA:76,18,1,0
BRDA:78,19,0,0
BRDA:78,19,1,0
BRDA:81,20,0,0
BRDA:81,20,1,0
BRDA:90,21,0,0
BRDA:90,21,1,0
BRDA:90,22,0,0
BRDA:90,22,1,0
BRDA:90,22,2,0
BRF:46
BRH:15
end_of_record
TN:
SF:functions\apq-parameter-naming-convention.js
FN:20,(anonymous_0)
FN:40,(anonymous_1)
FNF:2
FNH:1
FNDA:24,(anonymous_0)
FNDA:0,(anonymous_1)
DA:1,73
DA:8,73
DA:12,73
DA:20,73
DA:21,24
DA:23,24
DA:24,24
DA:26,24
DA:27,0
DA:33,24
DA:34,0
DA:37,24
DA:40,24
DA:42,24
DA:45,12
DA:46,12
DA:47,5
DA:54,7
DA:57,6
DA:58,6
DA:62,6
DA:63,6
DA:66,19
DA:67,7
DA:75,12
LF:25
LH:23
BRDA:21,0,0,0
BRDA:21,0,1,24
BRDA:23,1,0,24
BRDA:23,1,1,0
BRDA:26,2,0,0
BRDA:26,2,1,24
BRDA:33,3,0,0
BRDA:33,3,1,24
BRDA:42,4,0,6
BRDA:42,4,1,12
BRDA:42,4,2,6
BRDA:42,4,3,6
BRDA:42,4,4,6
BRDA:46,5,0,5
BRDA:46,5,1,7
BRDA:46,6,0,12
BRDA:46,6,1,9
BRDA:66,7,0,7
BRDA:66,7,1,12
BRF:19
BRH:15
end_of_record
TN:
SF:functions\apq-password-format.js
FN:7,(anonymous_0)
FN:15,(anonymous_1)
FNF:2
FNH:0
FNDA:0,(anonymous_0)
FNDA:0,(anonymous_1)
DA:7,73
DA:8,0
DA:10,0
DA:11,0
DA:15,0
DA:16,0
DA:17,0
DA:21,0
DA:23,0
DA:25,0
DA:26,0
DA:34,0
LF:12
LH:1
BRDA:10,0,0,0
BRDA:10,0,1,0
BRDA:10,1,0,0
BRDA:10,1,1,0
BRDA:16,2,0,0
BRDA:16,2,1,0
BRDA:16,3,0,0
BRDA:16,3,1,0
BRDA:23,4,0,0
BRDA:23,4,1,0
BRDA:23,5,0,0
BRDA:23,5,1,0
BRDA:25,6,0,0
BRDA:25,6,1,0
BRDA:27,7,0,0
BRDA:27,7,1,0
BRF:16
BRH:0
end_of_record
TN:
SF:functions\apq-path-depth.js
FN:6,(anonymous_0)
FN:13,(anonymous_1)
FNF:2
FNH:2
FNDA:18,(anonymous_0)
FNDA:63,(anonymous_1)
DA:6,73
DA:7,18
DA:8,18
DA:10,18
DA:13,63
DA:15,18
DA:16,9
LF:7
LH:7
BRDA:7,0,0,18
BRDA:7,0,1,0
BRDA:8,1,0,18
BRDA:8,1,1,0
BRDA:15,2,0,9
BRDA:15,2,1,9
BRF:6
BRH:4
end_of_record
TN:
SF:functions\apq-path-param-query-conflict.js
FN:9,(anonymous_0)
FN:36,(anonymous_1)
FNF:2
FNH:2
FNDA:2,(anonymous_0)
FNDA:2,(anonymous_1)
DA:9,73
DA:10,2
DA:12,2
DA:13,0
DA:16,2
DA:18,2
DA:19,2
DA:20,0
DA:23,2
DA:24,2
DA:26,0
DA:29,2
DA:31,2
DA:32,0
DA:35,2
DA:36,2
DA:39,2
DA:40,0
DA:43,2
DA:44,2
DA:45,1
DA:53,2
LF:22
LH:17
BRDA:12,0,0,0
BRDA:12,0,1,2
BRDA:12,1,0,2
BRDA:12,1,1,2
BRDA:19,2,0,0
BRDA:19,2,1,2
BRDA:19,3,0,2
BRDA:19,3,1,2
BRDA:24,4,0,0
BRDA:24,4,1,2
BRDA:24,5,0,2
BRDA:24,5,1,2
BRDA:24,5,2,2
BRDA:29,6,0,2
BRDA:29,6,1,0
BRDA:31,7,0,0
BRDA:31,7,1,2
BRDA:36,8,0,2
BRDA:36,8,1,2
BRDA:36,8,2,2
BRDA:39,9,0,0
BRDA:39,9,1,2
BRDA:43,10,0,2
BRDA:43,10,1,0
BRDA:44,11,0,1
BRDA:44,11,1,1
BRF:26
BRH:19
end_of_record
TN:
SF:functions\apq-require-response-on-path-params.js
FN:9,(anonymous_0)
FN:23,(anonymous_1)
FN:24,(anonymous_2)
FN:36,(anonymous_3)
FN:40,(anonymous_4)
FN:50,(anonymous_5)
FNF:6
FNH:5
FNDA:8,(anonymous_0)
FNDA:8,(anonymous_1)
FNDA:8,(anonymous_2)
FNDA:0,(anonymous_3)
FNDA:4,(anonymous_4)
FNDA:4,(anonymous_5)
DA:9,73
DA:10,8
DA:11,0
DA:14,8
DA:15,8
DA:17,8
DA:18,0
DA:21,8
DA:23,8
DA:24,8
DA:26,8
DA:27,0
DA:30,8
DA:31,8
DA:35,8
DA:36,0
DA:39,8
DA:40,4
DA:43,8
DA:44,4
DA:47,4
DA:49,4
DA:50,4
DA:53,4
DA:54,2
DA:61,2
LF:26
LH:22
BRDA:10,0,0,0
BRDA:10,0,1,8
BRDA:10,1,0,8
BRDA:10,1,1,8
BRDA:17,2,0,0
BRDA:17,2,1,8
BRDA:26,3,0,0
BRDA:26,3,1,8
BRDA:31,4,0,8
BRDA:31,4,1,0
BRDA:35,5,0,8
BRDA:35,5,1,8
BRDA:39,6,0,8
BRDA:39,6,1,4
BRDA:43,7,0,4
BRDA:43,7,1,4
BRDA:43,8,0,8
BRDA:43,8,1,8
BRDA:47,9,0,4
BRDA:47,9,1,0
BRDA:53,10,0,2
BRDA:53,10,1,2
BRF:22
BRH:17
end_of_record
TN:
SF:functions\apq-required-fields-exist.js
FN:6,(anonymous_0)
FN:17,(anonymous_1)
FNF:2
FNH:2
FNDA:20,(anonymous_0)
FNDA:24,(anonymous_1)
DA:6,73
DA:7,20
DA:9,20
DA:11,18
DA:12,18
DA:14,13
DA:15,13
DA:17,13
DA:18,24
DA:19,14
DA:26,13
LF:11
LH:11
BRDA:9,0,0,2
BRDA:9,0,1,18
BRDA:9,1,0,20
BRDA:9,1,1,20
BRDA:12,2,0,5
BRDA:12,2,1,13
BRDA:14,3,0,13
BRDA:14,3,1,2
BRDA:18,4,0,14
BRDA:18,4,1,10
BRF:10
BRH:10
end_of_record
TN:
SF:functions\apq-resources-by-verb.js
FN:35,(anonymous_0)
FN:44,(anonymous_1)
FN:46,(anonymous_2)
FN:77,(anonymous_3)
FN:96,(anonymous_4)
FN:97,(anonymous_5)
FN:101,(anonymous_6)
FNF:7
FNH:7
FNDA:2,(anonymous_0)
FNDA:72,(anonymous_1)
FNDA:70,(anonymous_2)
FNDA:2,(anonymous_3)
FNDA:14,(anonymous_4)
FNDA:36,(anonymous_5)
FNDA:621,(anonymous_6)
DA:1,73
DA:32,73
DA:33,73
DA:35,73
DA:36,2
DA:37,0
DA:42,2
DA:44,72
DA:47,70
DA:49,70
DA:50,0
DA:55,70
DA:56,70
DA:58,70
DA:59,0
DA:64,70
DA:65,70
DA:70,0
DA:77,73
DA:78,2
DA:79,2
DA:83,2
DA:84,2
DA:88,2
DA:90,0
DA:96,2
DA:97,14
DA:98,36
DA:99,36
DA:101,36
DA:102,621
DA:105,36
DA:106,10
DA:116,2
LF:34
LH:29
BRDA:36,0,0,0
BRDA:36,0,1,2
BRDA:49,1,0,0
BRDA:49,1,1,70
BRDA:58,2,0,0
BRDA:58,2,1,70
BRDA:77,3,0,0
BRDA:79,4,0,0
BRDA:79,4,1,2
BRDA:79,5,0,2
BRDA:79,5,1,2
BRDA:84,6,0,2
BRDA:84,6,1,0
BRDA:97,7,0,14
BRDA:97,7,1,0
BRDA:99,8,0,0
BRDA:99,8,1,36
BRDA:102,9,0,621
BRDA:102,9,1,115
BRDA:105,10,0,10
BRDA:105,10,1,26
BRF:21
BRH:13
end_of_record
TN:
SF:functions\apq-response-headers.js
FN:1,(anonymous_0)
FN:18,(anonymous_1)
FN:23,(anonymous_2)
FN:28,(anonymous_3)
FN:33,(anonymous_4)
FN:38,(anonymous_5)
FN:41,(anonymous_6)
FN:44,(anonymous_7)
FN:71,(anonymous_8)
FN:76,(anonymous_9)
FN:85,(anonymous_10)
FNF:11
FNH:11
FNDA:31,(anonymous_0)
FNDA:31,(anonymous_1)
FNDA:156,(anonymous_2)
FNDA:31,(anonymous_3)
FNDA:31,(anonymous_4)
FNDA:31,(anonymous_5)
FNDA:62,(anonymous_6)
FNDA:31,(anonymous_7)
FNDA:40,(anonymous_8)
FNDA:27,(anonymous_9)
FNDA:40,(anonymous_10)
DA:1,73
DA:2,31
DA:3,0
DA:6,31
DA:14,31
DA:16,31
DA:18,31
DA:21,31
DA:23,156
DA:26,31
DA:28,31
DA:31,31
DA:33,31
DA:36,31
DA:38,31
DA:41,62
DA:42,31
DA:44,31
DA:45,2
DA:48,29
DA:49,2
DA:52,27
DA:53,0
DA:56,27
DA:58,27
DA:59,0
DA:60,0
DA:61,0
DA:62,0
DA:63,0
DA:65,0
DA:70,27
DA:71,40
DA:73,27
DA:75,27
DA:76,27
DA:77,27
DA:78,10
DA:84,27
DA:85,40
DA:86,19
DA:87,10
DA:94,27
LF:43
LH:35
BRDA:1,0,0,0
BRDA:2,1,0,0
BRDA:2,1,1,31
BRDA:2,2,0,31
BRDA:2,2,1,31
BRDA:9,3,0,0
BRDA:10,4,0,0
BRDA:11,5,0,10
BRDA:12,6,0,0
BRDA:13,7,0,0
BRDA:41,8,0,62
BRDA:41,8,1,62
BRDA:44,9,0,2
BRDA:44,9,1,29
BRDA:44,10,0,31
BRDA:44,10,1,31
BRDA:44,11,0,31
BRDA:44,11,1,29
BRDA:48,12,0,2
BRDA:48,12,1,27
BRDA:52,13,0,0
BRDA:52,13,1,27
BRDA:52,14,0,27
BRDA:52,14,1,0
BRDA:58,15,0,0
BRDA:58,15,1,27
BRDA:58,16,0,27
BRDA:58,16,1,8
BRDA:58,16,2,0
BRDA:70,17,0,19
BRDA:70,17,1,8
BRDA:70,18,0,27
BRDA:70,18,1,19
BRDA:75,19,0,27
BRDA:75,19,1,0
BRDA:77,20,0,10
BRDA:77,20,1,17
BRDA:84,21,0,19
BRDA:84,21,1,8
BRDA:84,22,0,27
BRDA:84,22,1,27
BRDA:86,23,0,10
BRDA:86,23,1,9
BRF:43
BRH:32
end_of_record
TN:
SF:functions\apq-response-media-type.js
FN:9,(anonymous_0)
FNF:1
FNH:1
FNDA:20,(anonymous_0)
DA:7,73
DA:9,73
DA:10,20
DA:11,20
DA:13,20
DA:15,20
DA:16,10
DA:18,10
DA:19,5
DA:25,10
DA:28,10
DA:29,10
DA:31,10
DA:32,15
DA:34,13
DA:35,8
DA:42,10
LF:17
LH:17
BRDA:11,0,0,0
BRDA:11,0,1,20
BRDA:15,1,0,10
BRDA:15,1,1,10
BRDA:16,2,0,10
BRDA:16,2,1,4
BRDA:18,3,0,5
BRDA:18,3,1,5
BRDA:18,4,0,10
BRDA:18,4,1,10
BRDA:18,4,2,10
BRDA:29,5,0,0
BRDA:29,5,1,10
BRDA:32,6,0,2
BRDA:32,6,1,13
BRDA:34,7,0,8
BRDA:34,7,1,5
BRF:17
BRH:15
end_of_record
TN:
SF:functions\apq-responses.js
FN:2,(anonymous_0)
FN:6,(anonymous_1)
FN:10,(anonymous_2)
FN:14,(anonymous_3)
FN:16,(anonymous_4)
FNF:5
FNH:0
FNDA:0,(anonymous_0)
FNDA:0,(anonymous_1)
FNDA:0,(anonymous_2)
FNDA:0,(anonymous_3)
FNDA:0,(anonymous_4)
DA:2,0
DA:3,0
DA:4,0
DA:6,0
DA:7,0
DA:10,0
DA:11,0
DA:12,0
DA:13,0
DA:14,0
DA:16,0
DA:18,0
DA:19,0
DA:25,0
LF:14
LH:0
BRDA:4,0,0,0
BRDA:4,0,1,0
BRDA:6,1,0,0
BRDA:6,1,1,0
BRDA:6,2,0,0
BRDA:6,2,1,0
BRDA:12,3,0,0
BRDA:12,3,1,0
BRDA:13,4,0,0
BRDA:13,4,1,0
BRDA:13,5,0,0
BRDA:13,5,1,0
BRDA:14,6,0,0
BRDA:14,6,1,0
BRDA:14,7,0,0
BRDA:14,7,1,0
BRDA:16,8,0,0
BRDA:16,8,1,0
BRDA:18,9,0,0
BRDA:18,9,1,0
BRF:20
BRH:0
end_of_record
TN:
SF:functions\apq-schema-format.js
FN:12,checkTypeAndFormat
FNF:1
FNH:0
FNDA:0,checkTypeAndFormat
DA:12,0
DA:13,0
DA:14,0
DA:17,0
DA:18,0
DA:20,0
DA:21,0
DA:22,0
DA:23,0
DA:29,0
DA:30,0
DA:31,0
DA:32,0
DA:38,0
DA:43,0
DA:44,0
DA:45,0
DA:46,0
DA:52,0
DA:57,0
DA:58,0
DA:59,0
DA:64,0
DA:66,0
DA:67,0
DA:76,0
DA:77,0
DA:85,0
DA:87,0
DA:88,0
DA:97,0
LF:31
LH:0
BRDA:13,0,0,0
BRDA:13,0,1,0
BRDA:13,1,0,0
BRDA:13,1,1,0
BRDA:18,2,0,0
BRDA:18,2,1,0
BRDA:20,3,0,0
BRDA:20,3,1,0
BRDA:20,4,0,0
BRDA:20,4,1,0
BRDA:21,5,0,0
BRDA:21,5,1,0
BRDA:22,6,0,0
BRDA:22,6,1,0
BRDA:29,7,0,0
BRDA:29,7,1,0
BRDA:29,8,0,0
BRDA:29,8,1,0
BRDA:30,9,0,0
BRDA:30,9,1,0
BRDA:31,10,0,0
BRDA:31,10,1,0
BRDA:43,11,0,0
BRDA:43,11,1,0
BRDA:43,12,0,0
BRDA:43,12,1,0
BRDA:44,13,0,0
BRDA:44,13,1,0
BRDA:45,14,0,0
BRDA:45,14,1,0
BRDA:57,15,0,0
BRDA:57,15,1,0
BRDA:58,16,0,0
BRDA:58,16,1,0
BRDA:64,17,0,0
BRDA:64,17,1,0
BRDA:64,18,0,0
BRDA:64,18,1,0
BRDA:76,19,0,0
BRDA:76,19,1,0
BRDA:85,20,0,0
BRDA:85,20,1,0
BRDA:85,21,0,0
BRDA:85,21,1,0
BRF:44
BRH:0
end_of_record
TN:
SF:functions\apq-security-check.js
FN:6,(anonymous_0)
FNF:1
FNH:1
FNDA:4,(anonymous_0)
DA:6,73
DA:7,4
DA:9,4
DA:10,4
DA:12,4
DA:13,4
DA:14,2
DA:17,2
DA:19,2
DA:20,2
DA:21,6
DA:22,30
DA:23,30
DA:25,10
DA:26,10
DA:34,2
LF:16
LH:16
BRDA:7,0,0,0
BRDA:7,0,1,4
BRDA:12,1,0,4
BRDA:12,1,1,2
BRDA:13,2,0,2
BRDA:13,2,1,2
BRDA:19,3,0,2
BRDA:19,3,1,0
BRDA:23,4,0,20
BRDA:23,4,1,10
BRDA:25,5,0,10
BRDA:25,5,1,0
BRDA:25,6,0,10
BRDA:25,6,1,0
BRF:14
BRH:10
end_of_record
TN:
SF:functions\apq-security-required-response.js
FN:7,(anonymous_0)
FNF:1
FNH:1
FNDA:2,(anonymous_0)
DA:7,73
DA:8,2
DA:10,2
DA:11,0
DA:14,2
DA:15,2
DA:16,0
DA:20,2
DA:25,2
DA:26,2
DA:27,2
DA:28,2
DA:36,2
DA:37,2
DA:38,1
DA:45,2
LF:16
LH:14
BRDA:10,0,0,0
BRDA:10,0,1,2
BRDA:10,1,0,2
BRDA:10,1,1,2
BRDA:15,2,0,0
BRDA:15,2,1,2
BRDA:15,3,0,2
BRDA:15,3,1,2
BRDA:20,4,0,2
BRDA:20,4,1,2
BRDA:20,4,2,2
BRDA:28,5,0,2
BRDA:28,5,1,0
BRDA:28,5,2,0
BRDA:36,6,0,2
BRDA:36,6,1,0
BRDA:36,7,0,2
BRDA:36,7,1,0
BRDA:37,8,0,1
BRDA:37,8,1,1
BRDA:39,9,0,1
BRDA:39,9,1,0
BRF:22
BRH:15
end_of_record
TN:
SF:functions\apq-standard-response-codes.js
FN:6,apqStandardResponseCodes
FN:24,(anonymous_1)
FN:37,(anonymous_2)
FN:39,(anonymous_3)
FN:50,(anonymous_4)
FN:55,(anonymous_5)
FN:60,(anonymous_6)
FN:66,(anonymous_7)
FNF:8
FNH:8
FNDA:23,apqStandardResponseCodes
FNDA:23,(anonymous_1)
FNDA:598,(anonymous_2)
FNDA:552,(anonymous_3)
FNDA:3059,(anonymous_4)
FNDA:272,(anonymous_5)
FNDA:119,(anonymous_6)
FNDA:15,(anonymous_7)
DA:6,73
DA:7,23
DA:9,23
DA:11,23
DA:12,23
DA:14,23
DA:15,23
DA:16,23
DA:18,23
DA:19,23
DA:21,23
DA:23,23
DA:24,23
DA:25,23
DA:26,23
DA:27,23
DA:28,23
DA:29,23
DA:30,0
DA:32,23
DA:33,23
DA:35,23
DA:37,598
DA:40,552
DA:41,552
DA:43,552
DA:44,552
DA:45,552
DA:47,552
DA:50,3059
DA:54,23
DA:55,272
DA:58,23
DA:60,23
DA:61,119
DA:62,119
DA:64,119
DA:65,8
DA:66,15
DA:67,2
DA:68,2
DA:70,111
DA:71,39
DA:72,39
DA:75,119
DA:76,41
DA:83,23
LF:47
LH:46
BRDA:9,0,0,0
BRDA:9,0,1,23
BRDA:9,1,0,23
BRDA:9,1,1,23
BRDA:12,2,0,0
BRDA:12,2,1,23
BRDA:12,3,0,23
BRDA:12,3,1,23
BRDA:16,4,0,0
BRDA:16,4,1,23
BRDA:21,5,0,0
BRDA:21,5,1,23
BRDA:21,6,0,23
BRDA:21,6,1,23
BRDA:23,7,0,23
BRDA:23,7,1,0
BRDA:24,8,0,0
BRDA:24,8,1,23
BRDA:26,9,0,0
BRDA:26,9,1,23
BRDA:29,10,0,23
BRDA:29,10,1,7
BRDA:33,11,0,0
BRDA:33,11,1,23
BRDA:41,12,0,0
BRDA:41,12,1,552
BRDA:55,13,0,272
BRDA:55,13,1,32
BRDA:58,14,0,0
BRDA:58,14,1,23
BRDA:64,15,0,8
BRDA:64,15,1,111
BRDA:66,16,0,2
BRDA:66,16,1,6
BRDA:70,17,0,39
BRDA:70,17,1,72
BRDA:75,18,0,41
BRDA:75,18,1,78
BRF:38
BRH:28
end_of_record
TN:
SF:functions\apq-status-endpoint-check.js
FN:1,(anonymous_0)
FNF:1
FNH:0
FNDA:0,(anonymous_0)
DA:1,73
DA:2,0
DA:4,0
DA:5,0
DA:9,0
DA:10,0
DA:13,0
DA:14,0
DA:18,0
DA:21,0
DA:24,0
DA:25,0
DA:31,0
LF:13
LH:1
BRDA:1,0,0,0
BRDA:4,1,0,0
BRDA:4,1,1,0
BRDA:4,2,0,0
BRDA:4,2,1,0
BRDA:9,3,0,0
BRDA:9,3,1,0
BRDA:10,4,0,0
BRDA:10,4,1,0
BRDA:13,5,0,0
BRDA:13,5,1,0
BRDA:24,6,0,0
BRDA:24,6,1,0
BRF:13
BRH:0
end_of_record
TN:
SF:functions\apq-truthy-insensitive.js
FN:8,(anonymous_0)
FN:11,(anonymous_1)
FNF:2
FNH:0
FNDA:0,(anonymous_0)
FNDA:0,(anonymous_1)
DA:8,0
DA:9,0
DA:11,0
DA:12,0
DA:17,0
LF:5
LH:0
BRDA:11,0,0,0
BRDA:11,0,1,0
BRDA:11,1,0,0
BRDA:11,1,1,0
BRF:4
BRH:0
end_of_record
